0 verbose cli [
0 verbose cli   'C:\\Program Files\\nodejs\\node.exe',
0 verbose cli   'C:\\Users\\Bharat\\AppData\\Roaming\\npm\\node_modules\\npm\\bin\\npm-cli.js',
0 verbose cli   'audit',
0 verbose cli   'fix'
0 verbose cli ]
1 info using npm@7.19.1
2 info using node@v14.17.1
3 timing npm:load:whichnode Completed in 0ms
4 timing config:load:defaults Completed in 3ms
5 timing config:load:file:C:\Users\Bharat\AppData\Roaming\npm\node_modules\npm\npmrc Completed in 11ms
6 timing config:load:builtin Completed in 11ms
7 timing config:load:cli Completed in 2ms
8 timing config:load:env Completed in 1ms
9 timing config:load:file:C:\Users\Bharat\Desktop\dashboard\.npmrc Completed in 0ms
10 timing config:load:project Completed in 1ms
11 timing config:load:file:C:\Users\Bharat\.npmrc Completed in 1ms
12 timing config:load:user Completed in 1ms
13 timing config:load:file:C:\Users\Bharat\AppData\Roaming\npm\etc\npmrc Completed in 0ms
14 timing config:load:global Completed in 0ms
15 timing config:load:validate Completed in 1ms
16 timing config:load:credentials Completed in 2ms
17 timing config:load:setEnvs Completed in 1ms
18 timing config:load Completed in 23ms
19 timing npm:load:configload Completed in 23ms
20 timing npm:load:setTitle Completed in 0ms
21 timing npm:load:setupLog Completed in 3ms
22 timing npm:load:cleanupLog Completed in 5ms
23 timing npm:load:configScope Completed in 0ms
24 timing npm:load:projectScope Completed in 2ms
25 timing npm:load Completed in 34ms
26 timing config:load:flatten Completed in 4ms
27 timing arborist:ctor Completed in 1ms
28 silly audit bulk request {
28 silly audit   '@babel/code-frame': [ '7.14.5', '7.12.11', '7.10.4' ],
28 silly audit   '@babel/compat-data': [ '7.15.0' ],
28 silly audit   '@babel/core': [ '7.15.0', '7.12.3' ],
28 silly audit   semver: [ '6.3.0', '5.7.1', '7.3.5', '7.0.0', '7.3.2' ],
28 silly audit   '@babel/generator': [ '7.15.0' ],
28 silly audit   '@babel/helper-annotate-as-pure': [ '7.14.5' ],
28 silly audit   '@babel/helper-builder-binary-assignment-operator-visitor': [ '7.14.5' ],
28 silly audit   '@babel/helper-compilation-targets': [ '7.15.0' ],
28 silly audit   '@babel/helper-create-class-features-plugin': [ '7.15.0' ],
28 silly audit   '@babel/helper-create-regexp-features-plugin': [ '7.14.5' ],
28 silly audit   '@babel/helper-define-polyfill-provider': [ '0.2.3' ],
28 silly audit   '@babel/helper-explode-assignable-expression': [ '7.14.5' ],
28 silly audit   '@babel/helper-function-name': [ '7.14.5' ],
28 silly audit   '@babel/helper-get-function-arity': [ '7.14.5' ],
28 silly audit   '@babel/helper-hoist-variables': [ '7.14.5' ],
28 silly audit   '@babel/helper-member-expression-to-functions': [ '7.15.0' ],
28 silly audit   '@babel/helper-module-imports': [ '7.14.5' ],
28 silly audit   '@babel/helper-module-transforms': [ '7.15.0' ],
28 silly audit   '@babel/helper-optimise-call-expression': [ '7.14.5' ],
28 silly audit   '@babel/helper-plugin-utils': [ '7.14.5' ],
28 silly audit   '@babel/helper-remap-async-to-generator': [ '7.14.5' ],
28 silly audit   '@babel/helper-replace-supers': [ '7.15.0' ],
28 silly audit   '@babel/helper-simple-access': [ '7.14.8' ],
28 silly audit   '@babel/helper-skip-transparent-expression-wrappers': [ '7.14.5' ],
28 silly audit   '@babel/helper-split-export-declaration': [ '7.14.5' ],
28 silly audit   '@babel/helper-validator-identifier': [ '7.14.9' ],
28 silly audit   '@babel/helper-validator-option': [ '7.14.5' ],
28 silly audit   '@babel/helper-wrap-function': [ '7.14.5' ],
28 silly audit   '@babel/helpers': [ '7.14.8' ],
28 silly audit   '@babel/highlight': [ '7.14.5' ],
28 silly audit   '@babel/parser': [ '7.15.2' ],
28 silly audit   '@babel/plugin-proposal-async-generator-functions': [ '7.14.9' ],
28 silly audit   '@babel/plugin-proposal-class-properties': [ '7.14.5', '7.12.1' ],
28 silly audit   '@babel/plugin-proposal-class-static-block': [ '7.14.5' ],
28 silly audit   '@babel/plugin-proposal-decorators': [ '7.12.1' ],
28 silly audit   '@babel/plugin-proposal-dynamic-import': [ '7.14.5' ],
28 silly audit   '@babel/plugin-proposal-export-namespace-from': [ '7.14.5' ],
28 silly audit   '@babel/plugin-proposal-json-strings': [ '7.14.5' ],
28 silly audit   '@babel/plugin-proposal-logical-assignment-operators': [ '7.14.5' ],
28 silly audit   '@babel/plugin-proposal-nullish-coalescing-operator': [ '7.14.5', '7.12.1' ],
28 silly audit   '@babel/plugin-proposal-numeric-separator': [ '7.14.5', '7.12.1' ],
28 silly audit   '@babel/plugin-proposal-object-rest-spread': [ '7.14.7' ],
28 silly audit   '@babel/plugin-proposal-optional-catch-binding': [ '7.14.5' ],
28 silly audit   '@babel/plugin-proposal-optional-chaining': [ '7.14.5', '7.12.1' ],
28 silly audit   '@babel/plugin-proposal-private-methods': [ '7.14.5' ],
28 silly audit   '@babel/plugin-proposal-private-property-in-object': [ '7.14.5' ],
28 silly audit   '@babel/plugin-proposal-unicode-property-regex': [ '7.14.5' ],
28 silly audit   '@babel/plugin-syntax-async-generators': [ '7.8.4' ],
28 silly audit   '@babel/plugin-syntax-bigint': [ '7.8.3' ],
28 silly audit   '@babel/plugin-syntax-class-properties': [ '7.12.13' ],
28 silly audit   '@babel/plugin-syntax-class-static-block': [ '7.14.5' ],
28 silly audit   '@babel/plugin-syntax-decorators': [ '7.14.5' ],
28 silly audit   '@babel/plugin-syntax-dynamic-import': [ '7.8.3' ],
28 silly audit   '@babel/plugin-syntax-export-namespace-from': [ '7.8.3' ],
28 silly audit   '@babel/plugin-syntax-flow': [ '7.14.5' ],
28 silly audit   '@babel/plugin-syntax-import-meta': [ '7.10.4' ],
28 silly audit   '@babel/plugin-syntax-json-strings': [ '7.8.3' ],
28 silly audit   '@babel/plugin-syntax-jsx': [ '7.14.5' ],
28 silly audit   '@babel/plugin-syntax-logical-assignment-operators': [ '7.10.4' ],
28 silly audit   '@babel/plugin-syntax-nullish-coalescing-operator': [ '7.8.3' ],
28 silly audit   '@babel/plugin-syntax-numeric-separator': [ '7.10.4' ],
28 silly audit   '@babel/plugin-syntax-object-rest-spread': [ '7.8.3' ],
28 silly audit   '@babel/plugin-syntax-optional-catch-binding': [ '7.8.3' ],
28 silly audit   '@babel/plugin-syntax-optional-chaining': [ '7.8.3' ],
28 silly audit   '@babel/plugin-syntax-private-property-in-object': [ '7.14.5' ],
28 silly audit   '@babel/plugin-syntax-top-level-await': [ '7.14.5' ],
28 silly audit   '@babel/plugin-syntax-typescript': [ '7.14.5' ],
28 silly audit   '@babel/plugin-transform-arrow-functions': [ '7.14.5' ],
28 silly audit   '@babel/plugin-transform-async-to-generator': [ '7.14.5' ],
28 silly audit   '@babel/plugin-transform-block-scoped-functions': [ '7.14.5' ],
28 silly audit   '@babel/plugin-transform-block-scoping': [ '7.14.5' ],
28 silly audit   '@babel/plugin-transform-classes': [ '7.14.9' ],
28 silly audit   '@babel/plugin-transform-computed-properties': [ '7.14.5' ],
28 silly audit   '@babel/plugin-transform-destructuring': [ '7.14.7' ],
28 silly audit   '@babel/plugin-transform-dotall-regex': [ '7.14.5' ],
28 silly audit   '@babel/plugin-transform-duplicate-keys': [ '7.14.5' ],
28 silly audit   '@babel/plugin-transform-exponentiation-operator': [ '7.14.5' ],
28 silly audit   '@babel/plugin-transform-flow-strip-types': [ '7.12.1' ],
28 silly audit   '@babel/plugin-transform-for-of': [ '7.14.5' ],
28 silly audit   '@babel/plugin-transform-function-name': [ '7.14.5' ],
28 silly audit   '@babel/plugin-transform-literals': [ '7.14.5' ],
28 silly audit   '@babel/plugin-transform-member-expression-literals': [ '7.14.5' ],
28 silly audit   '@babel/plugin-transform-modules-amd': [ '7.14.5' ],
28 silly audit   '@babel/plugin-transform-modules-commonjs': [ '7.15.0' ],
28 silly audit   '@babel/plugin-transform-modules-systemjs': [ '7.14.5' ],
28 silly audit   '@babel/plugin-transform-modules-umd': [ '7.14.5' ],
28 silly audit   '@babel/plugin-transform-named-capturing-groups-regex': [ '7.14.9' ],
28 silly audit   '@babel/plugin-transform-new-target': [ '7.14.5' ],
28 silly audit   '@babel/plugin-transform-object-super': [ '7.14.5' ],
28 silly audit   '@babel/plugin-transform-parameters': [ '7.14.5' ],
28 silly audit   '@babel/plugin-transform-property-literals': [ '7.14.5' ],
28 silly audit   '@babel/plugin-transform-react-constant-elements': [ '7.14.5' ],
28 silly audit   '@babel/plugin-transform-react-display-name': [ '7.15.1', '7.12.1' ],
28 silly audit   '@babel/plugin-transform-react-jsx': [ '7.14.9' ],
28 silly audit   '@babel/plugin-transform-react-jsx-development': [ '7.14.5' ],
28 silly audit   '@babel/plugin-transform-react-jsx-self': [ '7.14.9' ],
28 silly audit   '@babel/plugin-transform-react-jsx-source': [ '7.14.5' ],
28 silly audit   '@babel/plugin-transform-react-pure-annotations': [ '7.14.5' ],
28 silly audit   '@babel/plugin-transform-regenerator': [ '7.14.5' ],
28 silly audit   '@babel/plugin-transform-reserved-words': [ '7.14.5' ],
28 silly audit   '@babel/plugin-transform-runtime': [ '7.12.1' ],
28 silly audit   '@babel/plugin-transform-shorthand-properties': [ '7.14.5' ],
28 silly audit   '@babel/plugin-transform-spread': [ '7.14.6' ],
28 silly audit   '@babel/plugin-transform-sticky-regex': [ '7.14.5' ],
28 silly audit   '@babel/plugin-transform-template-literals': [ '7.14.5' ],
28 silly audit   '@babel/plugin-transform-typeof-symbol': [ '7.14.5' ],
28 silly audit   '@babel/plugin-transform-typescript': [ '7.15.0' ],
28 silly audit   '@babel/plugin-transform-unicode-escapes': [ '7.14.5' ],
28 silly audit   '@babel/plugin-transform-unicode-regex': [ '7.14.5' ],
28 silly audit   '@babel/preset-env': [ '7.15.0', '7.12.1' ],
28 silly audit   '@babel/plugin-bugfix-v8-spread-parameters-in-optional-chaining': [ '7.14.5' ],
28 silly audit   '@babel/preset-modules': [ '0.1.4' ],
28 silly audit   '@babel/preset-react': [ '7.14.5', '7.12.1' ],
28 silly audit   '@babel/preset-typescript': [ '7.12.1' ],
28 silly audit   '@babel/runtime': [ '7.12.1', '7.14.8' ],
28 silly audit   '@babel/runtime-corejs3': [ '7.14.9' ],
28 silly audit   '@babel/template': [ '7.14.5' ],
28 silly audit   '@babel/traverse': [ '7.15.0' ],
28 silly audit   '@babel/types': [ '7.15.0' ],
28 silly audit   '@bcoe/v8-coverage': [ '0.2.3' ],
28 silly audit   '@cnakazawa/watch': [ '1.0.4' ],
28 silly audit   '@csstools/convert-colors': [ '1.4.0' ],
28 silly audit   '@csstools/normalize.css': [ '10.1.0' ],
28 silly audit   '@eslint/eslintrc': [ '0.4.3' ],
28 silly audit   globals: [ '13.10.0', '11.12.0' ],
28 silly audit   'type-fest': [ '0.20.2', '0.6.0', '0.8.1', '0.18.1', '0.3.1', '0.21.3' ],
28 silly audit   '@fortawesome/fontawesome-common-types': [ '0.2.36' ],
28 silly audit   '@fortawesome/fontawesome-svg-core': [ '1.2.36' ],
28 silly audit   '@fortawesome/free-solid-svg-icons': [ '5.15.4' ],
28 silly audit   '@fortawesome/react-fontawesome': [ '0.1.15' ],
28 silly audit   '@hapi/address': [ '2.1.4' ],
28 silly audit   '@hapi/bourne': [ '1.3.2' ],
28 silly audit   '@hapi/hoek': [ '8.5.1' ],
28 silly audit   '@hapi/joi': [ '15.1.1' ],
28 silly audit   '@hapi/topo': [ '3.1.6' ],
28 silly audit   '@humanwhocodes/config-array': [ '0.5.0' ],
28 silly audit   '@humanwhocodes/object-schema': [ '1.2.0' ],
28 silly audit   '@istanbuljs/load-nyc-config': [ '1.1.0' ],
28 silly audit   camelcase: [ '5.3.1', '6.2.0' ],
28 silly audit   '@istanbuljs/schema': [ '0.1.3' ],
28 silly audit   '@jest/console': [ '26.6.2' ],
28 silly audit   'ansi-styles': [ '4.3.0', '5.2.0', '3.2.1', '2.2.1' ],
28 silly audit   chalk: [ '4.1.2', '3.0.0', '2.4.2', '1.1.3' ],
28 silly audit   'color-convert': [ '2.0.1', '1.9.3' ],
28 silly audit   'color-name': [ '1.1.4', '1.1.3' ],
28 silly audit   'has-flag': [ '4.0.0', '3.0.0' ],
28 silly audit   'supports-color': [ '7.2.0', '2.0.0', '6.1.0', '5.5.0' ],
28 silly audit   '@jest/core': [ '26.6.3' ],
28 silly audit   'jest-resolve': [ '26.6.2', '26.6.0' ],
28 silly audit   'read-pkg': [ '5.2.0', '3.0.0' ],
28 silly audit   'read-pkg-up': [ '7.0.1', '3.0.0' ],
28 silly audit   '@jest/environment': [ '26.6.2' ],
28 silly audit   '@jest/fake-timers': [ '26.6.2' ],
28 silly audit   '@jest/globals': [ '26.6.2' ],
28 silly audit   '@jest/reporters': [ '26.6.2' ],
28 silly audit   'source-map': [ '0.6.1', '0.7.3', '0.4.4', '0.5.7' ],
28 silly audit   '@jest/source-map': [ '26.6.2' ],
28 silly audit   '@jest/test-result': [ '26.6.2' ],
28 silly audit   '@jest/test-sequencer': [ '26.6.3' ],
28 silly audit   '@jest/transform': [ '26.6.2' ],
28 silly audit   '@jest/types': [ '26.6.2', '27.0.6' ],
28 silly audit   '@nodelib/fs.scandir': [ '2.1.5' ],
28 silly audit   '@nodelib/fs.stat': [ '2.0.5' ],
28 silly audit   '@nodelib/fs.walk': [ '1.2.8' ],
28 silly audit   '@npmcli/move-file': [ '1.1.2' ],
28 silly audit   mkdirp: [ '1.0.4', '0.5.5' ],
28 silly audit   '@pmmmwh/react-refresh-webpack-plugin': [ '0.4.3' ],
28 silly audit   '@rollup/plugin-node-resolve': [ '7.1.3' ],
28 silly audit   '@rollup/plugin-replace': [ '2.4.2' ],
28 silly audit   '@rollup/pluginutils': [ '3.1.0' ],
28 silly audit   '@types/estree': [ '0.0.39', '0.0.50' ],
28 silly audit   '@sinonjs/commons': [ '1.8.3' ],
28 silly audit   '@sinonjs/fake-timers': [ '6.0.1' ],
28 silly audit   '@surma/rollup-plugin-off-main-thread': [ '1.4.2' ],
28 silly audit   '@svgr/babel-plugin-add-jsx-attribute': [ '5.4.0' ],
28 silly audit   '@svgr/babel-plugin-remove-jsx-attribute': [ '5.4.0' ],
28 silly audit   '@svgr/babel-plugin-remove-jsx-empty-expression': [ '5.0.1' ],
28 silly audit   '@svgr/babel-plugin-replace-jsx-attribute-value': [ '5.0.1' ],
28 silly audit   '@svgr/babel-plugin-svg-dynamic-title': [ '5.4.0' ],
28 silly audit   '@svgr/babel-plugin-svg-em-dimensions': [ '5.4.0' ],
28 silly audit   '@svgr/babel-plugin-transform-react-native-svg': [ '5.4.0' ],
28 silly audit   '@svgr/babel-plugin-transform-svg-component': [ '5.5.0' ],
28 silly audit   '@svgr/babel-preset': [ '5.5.0' ],
28 silly audit   '@svgr/core': [ '5.5.0' ],
28 silly audit   '@svgr/hast-util-to-babel-ast': [ '5.5.0' ],
28 silly audit   '@svgr/plugin-jsx': [ '5.5.0' ],
28 silly audit   '@svgr/plugin-svgo': [ '5.5.0' ],
28 silly audit   '@svgr/webpack': [ '5.5.0' ],
28 silly audit   '@testing-library/dom': [ '8.1.0', '7.31.2' ],
28 silly audit   '@types/yargs': [ '16.0.4', '15.0.14' ],
28 silly audit   'pretty-format': [ '27.0.6', '26.6.2' ],
28 silly audit   '@testing-library/jest-dom': [ '5.14.1' ],
28 silly audit   css: [ '3.0.0', '2.2.4' ],
28 silly audit   'source-map-resolve': [ '0.6.0', '0.5.3' ],
28 silly audit   '@testing-library/react': [ '11.2.7' ],
28 silly audit   '@testing-library/user-event': [ '12.8.3' ],
28 silly audit   '@tootallnate/once': [ '1.1.2' ],
28 silly audit   '@types/aria-query': [ '4.2.2' ],
28 silly audit   '@types/babel__core': [ '7.1.15' ],
28 silly audit   '@types/babel__generator': [ '7.6.3' ],
28 silly audit   '@types/babel__template': [ '7.4.1' ],
28 silly audit   '@types/babel__traverse': [ '7.14.2' ],
28 silly audit   '@types/d3-path': [ '2.0.1' ],
28 silly audit   '@types/d3-scale': [ '3.3.2' ],
28 silly audit   '@types/d3-shape': [ '2.1.3' ],
28 silly audit   '@types/d3-time': [ '2.1.1' ],
28 silly audit   '@types/eslint': [ '7.28.0' ],
28 silly audit   '@types/glob': [ '7.1.4' ],
28 silly audit   '@types/graceful-fs': [ '4.1.5' ],
28 silly audit   '@types/html-minifier-terser': [ '5.1.2' ],
28 silly audit   '@types/istanbul-lib-coverage': [ '2.0.3' ],
28 silly audit   '@types/istanbul-lib-report': [ '3.0.0' ],
28 silly audit   '@types/istanbul-reports': [ '3.0.1' ],
28 silly audit   '@types/jest': [ '27.0.0' ],
28 silly audit   '@types/json-schema': [ '7.0.9' ],
28 silly audit   '@types/minimatch': [ '3.0.5' ],
28 silly audit   '@types/minimist': [ '1.2.2' ],
28 silly audit   '@types/node': [ '16.4.13' ],
28 silly audit   '@types/normalize-package-data': [ '2.4.1' ],
28 silly audit   '@types/parse-json': [ '4.0.0' ],
28 silly audit   '@types/prettier': [ '2.3.2' ],
28 silly audit   '@types/q': [ '1.5.5' ],
28 silly audit   '@types/resize-observer-browser': [ '0.1.6' ],
28 silly audit   '@types/resolve': [ '0.0.8' ],
28 silly audit   '@types/source-list-map': [ '0.1.2' ],
28 silly audit   '@types/stack-utils': [ '2.0.1' ],
28 silly audit   '@types/tapable': [ '1.0.8' ],
28 silly audit   '@types/testing-library__jest-dom': [ '5.14.1' ],
28 silly audit   '@types/uglify-js': [ '3.13.1' ],
28 silly audit   '@types/webpack': [ '4.41.30' ],
28 silly audit   '@types/webpack-sources': [ '3.2.0' ],
28 silly audit   '@types/yargs-parser': [ '20.2.1' ],
28 silly audit   '@typescript-eslint/eslint-plugin': [ '4.29.1' ],
28 silly audit   '@typescript-eslint/experimental-utils': [ '4.29.1', '3.10.1' ],
28 silly audit   '@typescript-eslint/parser': [ '4.29.1' ],
28 silly audit   '@typescript-eslint/scope-manager': [ '4.29.1' ],
28 silly audit   '@typescript-eslint/types': [ '4.29.1', '3.10.1' ],
28 silly audit   '@typescript-eslint/typescript-estree': [ '4.29.1', '3.10.1' ],
28 silly audit   '@typescript-eslint/visitor-keys': [ '4.29.1', '3.10.1' ],
28 silly audit   '@webassemblyjs/ast': [ '1.9.0' ],
28 silly audit   '@webassemblyjs/floating-point-hex-parser': [ '1.9.0' ],
28 silly audit   '@webassemblyjs/helper-api-error': [ '1.9.0' ],
28 silly audit   '@webassemblyjs/helper-buffer': [ '1.9.0' ],
28 silly audit   '@webassemblyjs/helper-code-frame': [ '1.9.0' ],
28 silly audit   '@webassemblyjs/helper-fsm': [ '1.9.0' ],
28 silly audit   '@webassemblyjs/helper-module-context': [ '1.9.0' ],
28 silly audit   '@webassemblyjs/helper-wasm-bytecode': [ '1.9.0' ],
28 silly audit   '@webassemblyjs/helper-wasm-section': [ '1.9.0' ],
28 silly audit   '@webassemblyjs/ieee754': [ '1.9.0' ],
28 silly audit   '@webassemblyjs/leb128': [ '1.9.0' ],
28 silly audit   '@webassemblyjs/utf8': [ '1.9.0' ],
28 silly audit   '@webassemblyjs/wasm-edit': [ '1.9.0' ],
28 silly audit   '@webassemblyjs/wasm-gen': [ '1.9.0' ],
28 silly audit   '@webassemblyjs/wasm-opt': [ '1.9.0' ],
28 silly audit   '@webassemblyjs/wasm-parser': [ '1.9.0' ],
28 silly audit   '@webassemblyjs/wast-parser': [ '1.9.0' ],
28 silly audit   '@webassemblyjs/wast-printer': [ '1.9.0' ],
28 silly audit   '@xtuc/ieee754': [ '1.2.0' ],
28 silly audit   '@xtuc/long': [ '4.2.2' ],
28 silly audit   abab: [ '2.0.5' ],
28 silly audit   abbrev: [ '1.1.1' ],
28 silly audit   accepts: [ '1.3.7' ],
28 silly audit   acorn: [ '7.4.1', '8.4.1', '6.4.2' ],
28 silly audit   'acorn-globals': [ '6.0.0' ],
28 silly audit   'acorn-jsx': [ '5.3.2' ],
28 silly audit   'acorn-walk': [ '7.2.0' ],
28 silly audit   address: [ '1.1.2' ],
28 silly audit   'adjust-sourcemap-loader': [ '3.0.0' ],
28 silly audit   'agent-base': [ '6.0.2' ],
28 silly audit   'aggregate-error': [ '3.1.0' ],
28 silly audit   ajv: [ '6.12.6', '8.6.2' ],
28 silly audit   'ajv-errors': [ '1.0.1' ],
28 silly audit   'ajv-keywords': [ '3.5.2' ],
28 silly audit   'alphanum-sort': [ '1.0.2' ],
28 silly audit   amdefine: [ '1.0.1' ],
28 silly audit   'ansi-colors': [ '4.1.1', '3.2.4' ],
28 silly audit   'ansi-escapes': [ '4.3.2' ],
28 silly audit   'ansi-html': [ '0.0.7' ],
28 silly audit   'ansi-regex': [ '5.0.0', '2.1.1', '4.1.0', '3.0.0' ],
28 silly audit   anymatch: [ '3.1.2', '2.0.0' ],
28 silly audit   aproba: [ '1.2.0' ],
28 silly audit   'are-we-there-yet': [ '1.1.5' ],
28 silly audit   argparse: [ '1.0.10' ],
28 silly audit   'aria-query': [ '4.2.2' ],
28 silly audit   'arity-n': [ '1.0.4' ],
28 silly audit   'arr-diff': [ '4.0.0' ],
28 silly audit   'arr-flatten': [ '1.1.0' ],
28 silly audit   'arr-union': [ '3.1.0' ],
28 silly audit   'array-flatten': [ '2.1.2', '1.1.1' ],
28 silly audit   'array-includes': [ '3.1.3' ],
28 silly audit   'array-union': [ '2.1.0', '1.0.2' ],
28 silly audit   'array-uniq': [ '1.0.3' ],
28 silly audit   'array-unique': [ '0.3.2' ],
28 silly audit   'array.prototype.flat': [ '1.2.4' ],
28 silly audit   'array.prototype.flatmap': [ '1.2.4' ],
28 silly audit   arrify: [ '2.0.1', '1.0.1' ],
28 silly audit   asap: [ '2.0.6' ],
28 silly audit   asn1: [ '0.2.4' ],
28 silly audit   'asn1.js': [ '5.4.1' ],
28 silly audit   'bn.js': [ '4.12.0', '5.2.0' ],
28 silly audit   assert: [ '1.5.0' ],
28 silly audit   'assert-plus': [ '1.0.0' ],
28 silly audit   inherits: [ '2.0.1', '2.0.3', '2.0.4' ],
28 silly audit   util: [ '0.10.3', '0.11.1' ],
28 silly audit   'assign-symbols': [ '1.0.0' ],
28 silly audit   'ast-types-flow': [ '0.0.7' ],
28 silly audit   'astral-regex': [ '2.0.0' ],
28 silly audit   async: [ '2.6.3' ],
28 silly audit   'async-each': [ '1.0.3' ],
28 silly audit   'async-foreach': [ '0.1.3' ],
28 silly audit   'async-limiter': [ '1.0.1' ],
28 silly audit   asynckit: [ '0.4.0' ],
28 silly audit   'at-least-node': [ '1.0.0' ],
28 silly audit   atob: [ '2.1.2' ],
28 silly audit   autoprefixer: [ '9.8.6' ],
28 silly audit   'aws-sign2': [ '0.7.0' ],
28 silly audit   aws4: [ '1.11.0' ],
28 silly audit   'axe-core': [ '4.3.2' ],
28 silly audit   'axobject-query': [ '2.2.0' ],
28 silly audit   'babel-eslint': [ '10.1.0' ],
28 silly audit   'eslint-visitor-keys': [ '1.3.0', '2.1.0' ],
28 silly audit   'babel-extract-comments': [ '1.0.0' ],
28 silly audit   'babel-jest': [ '26.6.3' ],
28 silly audit   'babel-loader': [ '8.1.0' ],
28 silly audit   json5: [ '1.0.1', '2.2.0' ],
28 silly audit   'loader-utils': [ '1.4.0', '2.0.0', '1.2.3' ],
28 silly audit   'babel-plugin-dynamic-import-node': [ '2.3.3' ],
28 silly audit   'babel-plugin-istanbul': [ '6.0.0' ],
28 silly audit   'babel-plugin-jest-hoist': [ '26.6.2' ],
28 silly audit   'babel-plugin-macros': [ '2.8.0' ],
28 silly audit   cosmiconfig: [ '6.0.0', '7.0.0', '5.2.1' ],
28 silly audit   'babel-plugin-named-asset-import': [ '0.3.7' ],
28 silly audit   'babel-plugin-polyfill-corejs2': [ '0.2.2' ],
28 silly audit   'babel-plugin-polyfill-corejs3': [ '0.2.4' ],
28 silly audit   'babel-plugin-polyfill-regenerator': [ '0.2.2' ],
28 silly audit   'babel-plugin-syntax-object-rest-spread': [ '6.13.0' ],
28 silly audit   'babel-plugin-transform-object-rest-spread': [ '6.26.0' ],
28 silly audit   'babel-plugin-transform-react-remove-prop-types': [ '0.4.24' ],
28 silly audit   'babel-preset-current-node-syntax': [ '1.0.1' ],
28 silly audit   'babel-preset-jest': [ '26.6.2' ],
28 silly audit   'babel-preset-react-app': [ '10.0.0' ],
28 silly audit   'babel-runtime': [ '6.26.0' ],
28 silly audit   'core-js': [ '2.6.12', '3.16.1' ],
28 silly audit   'regenerator-runtime': [ '0.11.1', '0.13.9' ],
28 silly audit   babylon: [ '6.18.0' ],
28 silly audit   'balanced-match': [ '1.0.2' ],
28 silly audit   base: [ '0.11.2' ],
28 silly audit   'define-property': [ '1.0.0', '0.2.5', '2.0.2' ],
28 silly audit   'base64-js': [ '1.5.1' ],
28 silly audit   batch: [ '0.6.1' ],
28 silly audit   'bcrypt-pbkdf': [ '1.0.2' ],
28 silly audit   bfj: [ '7.0.2' ],
28 silly audit   'big.js': [ '5.2.2' ],
28 silly audit   'binary-extensions': [ '2.2.0', '1.13.1' ],
28 silly audit   bindings: [ '1.5.0' ],
28 silly audit   bluebird: [ '3.7.2' ],
28 silly audit   'body-parser': [ '1.19.0' ],
28 silly audit   bytes: [ '3.1.0', '3.0.0' ],
28 silly audit   debug: [ '2.6.9', '4.3.2', '3.2.7' ],
28 silly audit   ms: [ '2.0.0', '2.1.2', '2.1.1' ],
28 silly audit   bonjour: [ '3.5.0' ],
28 silly audit   boolbase: [ '1.0.0' ],
28 silly audit   'brace-expansion': [ '1.1.11' ],
28 silly audit   braces: [ '3.0.2', '2.3.2' ],
28 silly audit   brorand: [ '1.1.0' ],
28 silly audit   'browser-process-hrtime': [ '1.0.0' ],
28 silly audit   'browserify-aes': [ '1.2.0' ],
28 silly audit   'browserify-cipher': [ '1.0.1' ],
28 silly audit   'browserify-des': [ '1.0.2' ],
28 silly audit   'browserify-rsa': [ '4.1.0' ],
28 silly audit   'browserify-sign': [ '4.2.1' ],
28 silly audit   'readable-stream': [ '3.6.0', '2.3.7' ],
28 silly audit   'safe-buffer': [ '5.2.1', '5.1.2' ],
28 silly audit   'browserify-zlib': [ '0.2.0' ],
28 silly audit   browserslist: [ '4.16.7', '4.14.2' ],
28 silly audit   bser: [ '2.1.1' ],
28 silly audit   buffer: [ '4.9.2' ],
28 silly audit   'buffer-from': [ '1.1.2' ],
28 silly audit   'buffer-indexof': [ '1.1.1' ],
28 silly audit   'buffer-xor': [ '1.0.3' ],
28 silly audit   'builtin-modules': [ '3.2.0' ],
28 silly audit   'builtin-status-codes': [ '3.0.0' ],
28 silly audit   cacache: [ '15.2.0', '12.0.4' ],
28 silly audit   'cache-base': [ '1.0.1' ],
28 silly audit   'call-bind': [ '1.0.2' ],
28 silly audit   'caller-callsite': [ '2.0.0' ],
28 silly audit   callsites: [ '2.0.0', '3.1.0' ],
28 silly audit   'caller-path': [ '2.0.0' ],
28 silly audit   'camel-case': [ '4.1.2' ],
28 silly audit   'camelcase-keys': [ '6.2.2' ],
28 silly audit   'caniuse-api': [ '3.0.0' ],
28 silly audit   'caniuse-lite': [ '1.0.30001249' ],
28 silly audit   'capture-exit': [ '2.0.0' ],
28 silly audit   'case-sensitive-paths-webpack-plugin': [ '2.3.0' ],
28 silly audit   caseless: [ '0.12.0' ],
28 silly audit   'char-regex': [ '1.0.2' ],
28 silly audit   'check-types': [ '11.1.2' ],
28 silly audit   chokidar: [ '3.5.2', '2.1.8' ],
28 silly audit   chownr: [ '2.0.0', '1.1.4' ],
28 silly audit   'chrome-trace-event': [ '1.0.3' ],
28 silly audit   'ci-info': [ '2.0.0' ],
28 silly audit   'cipher-base': [ '1.0.4' ],
28 silly audit   'cjs-module-lexer': [ '0.6.0' ],
28 silly audit   'class-utils': [ '0.3.6' ],
28 silly audit   'is-accessor-descriptor': [ '0.1.6', '1.0.0' ],
28 silly audit   'kind-of': [ '3.2.2', '5.1.0', '4.0.0', '6.0.3' ],
28 silly audit   'is-data-descriptor': [ '0.1.4', '1.0.0' ],
28 silly audit   'is-descriptor': [ '0.1.6', '1.0.2' ],
28 silly audit   classnames: [ '2.3.1' ],
28 silly audit   'clean-css': [ '4.2.3' ],
28 silly audit   'clean-stack': [ '2.2.0' ],
28 silly audit   cliui: [ '6.0.0', '5.0.0' ],
28 silly audit   co: [ '4.6.0' ],
28 silly audit   coa: [ '2.0.2' ],
28 silly audit   'code-point-at': [ '1.1.0' ],
28 silly audit   'collect-v8-coverage': [ '1.0.1' ],
28 silly audit   'collection-visit': [ '1.0.0' ],
28 silly audit   color: [ '3.2.1' ],
28 silly audit   'color-string': [ '1.6.0' ],
28 silly audit   colorette: [ '1.3.0' ],
28 silly audit   'combined-stream': [ '1.0.8' ],
28 silly audit   commander: [ '4.1.1', '2.20.3' ],
28 silly audit   'common-tags': [ '1.8.0' ],
28 silly audit   commondir: [ '1.0.1' ],
28 silly audit   'component-emitter': [ '1.3.0' ],
28 silly audit   'compose-function': [ '3.0.3' ],
28 silly audit   compressible: [ '2.0.18' ],
28 silly audit   compression: [ '1.7.4' ],
28 silly audit   'concat-map': [ '0.0.1' ],
28 silly audit   'concat-stream': [ '1.6.2' ],
28 silly audit   'confusing-browser-globals': [ '1.0.10' ],
28 silly audit   'connect-history-api-fallback': [ '1.6.0' ],
28 silly audit   'console-browserify': [ '1.2.0' ],
28 silly audit   'console-control-strings': [ '1.1.0' ],
28 silly audit   'constants-browserify': [ '1.0.0' ],
28 silly audit   'content-disposition': [ '0.5.3' ],
28 silly audit   'content-type': [ '1.0.4' ],
28 silly audit   'convert-source-map': [ '1.8.0', '1.7.0', '0.3.5' ],
28 silly audit   cookie: [ '0.4.0' ],
28 silly audit   'cookie-signature': [ '1.0.6' ],
28 silly audit   'copy-concurrently': [ '1.0.5' ],
28 silly audit   rimraf: [ '2.7.1', '3.0.2' ],
28 silly audit   'copy-descriptor': [ '0.1.1' ],
28 silly audit   'core-js-compat': [ '3.16.1' ],
28 silly audit   'core-js-pure': [ '3.16.1' ],
28 silly audit   'core-util-is': [ '1.0.2' ],
28 silly audit   'create-ecdh': [ '4.0.4' ],
28 silly audit   'create-hash': [ '1.2.0' ],
28 silly audit   'create-hmac': [ '1.1.7' ],
28 silly audit   'cross-spawn': [ '7.0.3', '6.0.5' ],
28 silly audit   'crypto-browserify': [ '3.12.0' ],
28 silly audit   'crypto-random-string': [ '1.0.0' ],
28 silly audit   'css-blank-pseudo': [ '0.1.4' ],
28 silly audit   'css-color-names': [ '0.0.4' ],
28 silly audit   'css-declaration-sorter': [ '4.0.1' ],
28 silly audit   'css-has-pseudo': [ '0.10.0' ],
28 silly audit   cssesc: [ '2.0.0', '3.0.0' ],
28 silly audit   'postcss-selector-parser': [ '5.0.0', '3.1.2', '6.0.6' ],
28 silly audit   'css-loader': [ '4.3.0' ],
28 silly audit   'css-prefers-color-scheme': [ '3.1.1' ],
28 silly audit   'css-select': [ '4.1.3', '2.1.0' ],
28 silly audit   'css-select-base-adapter': [ '0.1.1' ],
28 silly audit   'css-tree': [ '1.0.0-alpha.37', '1.1.3' ],
28 silly audit   'css-unit-converter': [ '1.1.2' ],
28 silly audit   'css-what': [ '5.0.1', '3.4.2' ],
28 silly audit   'css.escape': [ '1.5.1' ],
28 silly audit   cssdb: [ '4.4.0' ],
28 silly audit   cssnano: [ '4.1.11' ],
28 silly audit   'cssnano-preset-default': [ '4.0.8' ],
28 silly audit   'cssnano-util-get-arguments': [ '4.0.0' ],
28 silly audit   'cssnano-util-get-match': [ '4.0.0' ],
28 silly audit   'cssnano-util-raw-cache': [ '4.0.1' ],
28 silly audit   'cssnano-util-same-parent': [ '4.0.1' ],
28 silly audit   'import-fresh': [ '2.0.0', '3.3.0' ],
28 silly audit   'parse-json': [ '4.0.0', '5.2.0' ],
28 silly audit   'resolve-from': [ '3.0.0', '4.0.0', '5.0.0' ],
28 silly audit   csso: [ '4.2.0' ],
28 silly audit   'mdn-data': [ '2.0.14', '2.0.4' ],
28 silly audit   cssom: [ '0.4.4', '0.3.8' ],
28 silly audit   cssstyle: [ '2.3.0' ],
28 silly audit   cyclist: [ '1.0.1' ],
28 silly audit   d: [ '1.0.1' ],
28 silly audit   'd3-array': [ '2.12.1' ],
28 silly audit   'd3-color': [ '2.0.0' ],
28 silly audit   'd3-format': [ '2.0.0' ],
28 silly audit   'd3-interpolate': [ '2.0.1' ],
28 silly audit   'd3-path': [ '2.0.0' ],
28 silly audit   'd3-scale': [ '3.3.0' ],
28 silly audit   'd3-shape': [ '2.1.0' ],
28 silly audit   'd3-time': [ '2.1.1' ],
28 silly audit   'd3-time-format': [ '3.0.0' ],
28 silly audit   'damerau-levenshtein': [ '1.0.7' ],
28 silly audit   dashdash: [ '1.14.1' ],
28 silly audit   'data-urls': [ '2.0.0' ],
28 silly audit   decamelize: [ '1.2.0' ],
28 silly audit   'decamelize-keys': [ '1.1.0' ],
28 silly audit   'map-obj': [ '1.0.1', '4.2.1' ],
28 silly audit   'decimal.js': [ '10.3.1' ],
28 silly audit   'decimal.js-light': [ '2.5.1' ],
28 silly audit   'decode-uri-component': [ '0.2.0' ],
28 silly audit   dedent: [ '0.7.0' ],
28 silly audit   'deep-equal': [ '1.1.1' ],
28 silly audit   'deep-is': [ '0.1.3' ],
28 silly audit   deepmerge: [ '4.2.2' ],
28 silly audit   'default-gateway': [ '4.2.0' ],
28 silly audit   execa: [ '1.0.0', '4.1.0' ],
28 silly audit   'get-stream': [ '4.1.0', '5.2.0' ],
28 silly audit   'is-stream': [ '1.1.0', '2.0.1' ],
28 silly audit   'npm-run-path': [ '2.0.2', '4.0.1' ],
28 silly audit   'path-key': [ '2.0.1', '3.1.1' ],
28 silly audit   'shebang-command': [ '1.2.0', '2.0.0' ],
28 silly audit   'shebang-regex': [ '1.0.0', '3.0.0' ],
28 silly audit   which: [ '1.3.1', '2.0.2' ],
28 silly audit   'define-properties': [ '1.1.3' ],
28 silly audit   del: [ '4.1.1' ],
28 silly audit   globby: [ '6.1.0', '11.0.4', '11.0.1' ],
28 silly audit   pify: [ '2.3.0', '3.0.0', '4.0.1' ],
28 silly audit   'p-map': [ '2.1.0', '4.0.0' ],
28 silly audit   'delayed-stream': [ '1.0.0' ],
28 silly audit   delegates: [ '1.0.0' ],
28 silly audit   depd: [ '1.1.2' ],
28 silly audit   'des.js': [ '1.0.1' ],
28 silly audit   destroy: [ '1.0.4' ],
28 silly audit   'detect-newline': [ '3.1.0' ],
28 silly audit   'detect-node': [ '2.1.0' ],
28 silly audit   'detect-port-alt': [ '1.1.6' ],
28 silly audit   'diff-sequences': [ '26.6.2' ],
28 silly audit   'diffie-hellman': [ '5.0.3' ],
28 silly audit   'dir-glob': [ '3.0.1' ],
28 silly audit   'dns-equal': [ '1.0.0' ],
28 silly audit   'dns-packet': [ '1.3.4' ],
28 silly audit   'dns-txt': [ '2.0.2' ],
28 silly audit   doctrine: [ '3.0.0', '2.1.0' ],
28 silly audit   'dom-accessibility-api': [ '0.5.7' ],
28 silly audit   'dom-converter': [ '0.2.0' ],
28 silly audit   'dom-helpers': [ '3.4.0' ],
28 silly audit   'dom-serializer': [ '1.3.2', '0.2.2' ],
28 silly audit   'domain-browser': [ '1.2.0' ],
28 silly audit   domelementtype: [ '2.2.0', '1.3.1' ],
28 silly audit   domexception: [ '2.0.1' ],
28 silly audit   'webidl-conversions': [ '5.0.0', '6.1.0' ],
28 silly audit   domhandler: [ '4.2.0' ],
28 silly audit   domutils: [ '2.7.0', '1.7.0' ],
28 silly audit   'dot-case': [ '3.0.4' ],
28 silly audit   'dot-prop': [ '5.3.0' ],
28 silly audit   'is-obj': [ '2.0.0', '1.0.1' ],
28 silly audit   dotenv: [ '8.2.0' ],
28 silly audit   'dotenv-expand': [ '5.1.0' ],
28 silly audit   duplexer: [ '0.1.2' ],
28 silly audit   duplexify: [ '3.7.1' ],
28 silly audit   'ecc-jsbn': [ '0.1.2' ],
28 silly audit   'ee-first': [ '1.1.1' ],
28 silly audit   ejs: [ '2.7.4' ],
28 silly audit   'electron-to-chromium': [ '1.3.802' ],
28 silly audit   elliptic: [ '6.5.4' ],
28 silly audit   emittery: [ '0.7.2' ],
28 silly audit   'emoji-regex': [ '9.2.2', '7.0.3', '8.0.0' ],
28 silly audit   'emojis-list': [ '3.0.0', '2.1.0' ],
28 silly audit   encodeurl: [ '1.0.2' ],
28 silly audit   'end-of-stream': [ '1.4.4' ],
28 silly audit   'enhanced-resolve': [ '4.5.0' ],
28 silly audit   'memory-fs': [ '0.5.0', '0.4.1' ],
28 silly audit   enquirer: [ '2.3.6' ],
28 silly audit   entities: [ '2.2.0' ],
28 silly audit   'env-paths': [ '2.2.1' ],
28 silly audit   errno: [ '0.1.8' ],
28 silly audit   'error-ex': [ '1.3.2' ],
28 silly audit   'error-stack-parser': [ '2.0.6' ],
28 silly audit   'es-abstract': [ '1.18.5' ],
28 silly audit   'es-to-primitive': [ '1.2.1' ],
28 silly audit   'es5-ext': [ '0.10.53' ],
28 silly audit   'es6-iterator': [ '2.0.3' ],
28 silly audit   'es6-symbol': [ '3.1.3' ],
28 silly audit   escalade: [ '3.1.1' ],
28 silly audit   'escape-html': [ '1.0.3' ],
28 silly audit   'escape-string-regexp': [ '1.0.5', '4.0.0', '2.0.0' ],
28 silly audit   escodegen: [ '2.0.0' ],
28 silly audit   estraverse: [ '5.2.0', '4.3.0' ],
28 silly audit   levn: [ '0.3.0', '0.4.1' ],
28 silly audit   optionator: [ '0.8.3', '0.9.1' ],
28 silly audit   'prelude-ls': [ '1.1.2', '1.2.1' ],
28 silly audit   'type-check': [ '0.3.2', '0.4.0' ],
28 silly audit   eslint: [ '7.32.0' ],
28 silly audit   'eslint-config-react-app': [ '6.0.0' ],
28 silly audit   'eslint-import-resolver-node': [ '0.3.5' ],
28 silly audit   resolve: [ '1.20.0', '2.0.0-next.3', '1.18.1' ],
28 silly audit   'eslint-module-utils': [ '2.6.2' ],
28 silly audit   'eslint-plugin-flowtype': [ '5.9.0' ],
28 silly audit   'eslint-plugin-import': [ '2.24.0' ],
28 silly audit   'find-up': [ '2.1.0', '3.0.0', '4.1.0' ],
28 silly audit   'locate-path': [ '2.0.0', '3.0.0', '5.0.0' ],
28 silly audit   'p-limit': [ '1.3.0', '2.3.0', '3.1.0' ],
28 silly audit   'p-locate': [ '2.0.0', '3.0.0', '4.1.0' ],
28 silly audit   'p-try': [ '1.0.0', '2.2.0' ],
28 silly audit   'path-exists': [ '3.0.0', '4.0.0' ],
28 silly audit   'eslint-plugin-jest': [ '24.4.0' ],
28 silly audit   'eslint-plugin-jsx-a11y': [ '6.4.1' ],
28 silly audit   'eslint-plugin-react': [ '7.24.0' ],
28 silly audit   'eslint-plugin-react-hooks': [ '4.2.0' ],
28 silly audit   'eslint-plugin-testing-library': [ '3.10.2' ],
28 silly audit   'eslint-utils': [ '2.1.0', '3.0.0' ],
28 silly audit   'eslint-scope': [ '5.1.1', '4.0.3' ],
28 silly audit   'eslint-webpack-plugin': [ '2.5.4' ],
28 silly audit   'schema-utils': [ '3.1.1', '1.0.0', '2.7.1' ],
28 silly audit   espree: [ '7.3.1' ],
28 silly audit   esprima: [ '4.0.1' ],
28 silly audit   esquery: [ '1.4.0' ],
28 silly audit   esrecurse: [ '4.3.0' ],
28 silly audit   'estree-walker': [ '1.0.1', '0.6.1' ],
28 silly audit   esutils: [ '2.0.3' ],
28 silly audit   etag: [ '1.8.1' ],
28 silly audit   eventemitter3: [ '4.0.7' ],
28 silly audit   events: [ '3.3.0' ],
28 silly audit   eventsource: [ '1.1.0' ],
28 silly audit   evp_bytestokey: [ '1.0.3' ],
28 silly audit   'exec-sh': [ '0.3.6' ],
28 silly audit   exit: [ '0.1.2' ],
28 silly audit   'expand-brackets': [ '2.1.4' ],
28 silly audit   'extend-shallow': [ '2.0.1', '3.0.2' ],
28 silly audit   'is-extendable': [ '0.1.1', '1.0.1' ],
28 silly audit   expect: [ '26.6.2' ],
28 silly audit   express: [ '4.17.1' ],
28 silly audit   ext: [ '1.4.0' ],
28 silly audit   type: [ '2.5.0', '1.2.0' ],
28 silly audit   extend: [ '3.0.2' ],
28 silly audit   extglob: [ '2.0.4' ],
28 silly audit   extsprintf: [ '1.3.0' ],
28 silly audit   'fast-deep-equal': [ '3.1.3' ],
28 silly audit   'fast-equals': [ '2.0.3' ],
28 silly audit   'fast-glob': [ '3.2.7' ],
28 silly audit   'fast-json-stable-stringify': [ '2.1.0' ],
28 silly audit   'fast-levenshtein': [ '2.0.6' ],
28 silly audit   fastq: [ '1.11.1' ],
28 silly audit   'faye-websocket': [ '0.11.4' ],
28 silly audit   'fb-watchman': [ '2.0.1' ],
28 silly audit   'figgy-pudding': [ '3.5.2' ],
28 silly audit   'file-entry-cache': [ '6.0.1' ],
28 silly audit   'file-loader': [ '6.1.1' ],
28 silly audit   'file-uri-to-path': [ '1.0.0' ],
28 silly audit   filesize: [ '6.1.0' ],
28 silly audit   'fill-range': [ '7.0.1', '4.0.0' ],
28 silly audit   finalhandler: [ '1.1.2' ],
28 silly audit   'find-cache-dir': [ '2.1.0', '3.3.1' ],
28 silly audit   'pkg-dir': [ '3.0.0', '4.2.0', '2.0.0' ],
28 silly audit   'flat-cache': [ '3.0.4' ],
28 silly audit   flatted: [ '3.2.2' ],
28 silly audit   flatten: [ '1.0.3' ],
28 silly audit   'flush-write-stream': [ '1.1.1' ],
28 silly audit   'follow-redirects': [ '1.14.1' ],
28 silly audit   'for-in': [ '1.0.2' ],
28 silly audit   'forever-agent': [ '0.6.1' ],
28 silly audit   'fork-ts-checker-webpack-plugin': [ '4.1.6' ],
28 silly audit   'is-number': [ '3.0.0', '7.0.0' ],
28 silly audit   micromatch: [ '3.1.10', '4.0.4' ],
28 silly audit   'to-regex-range': [ '2.1.1', '5.0.1' ],
28 silly audit   'form-data': [ '3.0.1', '2.3.3' ],
28 silly audit   forwarded: [ '0.2.0' ],
28 silly audit   'fragment-cache': [ '0.2.1' ],
28 silly audit   fresh: [ '0.5.2' ],
28 silly audit   from2: [ '2.3.0' ],
28 silly audit   'fs-extra': [ '9.1.0', '7.0.1', '8.1.0' ],
28 silly audit   'fs-minipass': [ '2.1.0' ],
28 silly audit   'fs-write-stream-atomic': [ '1.0.10' ],
28 silly audit   'fs.realpath': [ '1.0.0' ],
28 silly audit   fsevents: [ '2.3.2', '1.2.13' ],
28 silly audit   'function-bind': [ '1.1.1' ],
28 silly audit   'functional-red-black-tree': [ '1.0.1' ],
28 silly audit   gauge: [ '2.7.4' ],
28 silly audit   'is-fullwidth-code-point': [ '1.0.0', '3.0.0', '2.0.0' ],
28 silly audit   'string-width': [ '1.0.2', '3.1.0', '4.2.2', '2.1.1' ],
28 silly audit   'strip-ansi': [ '3.0.1', '5.2.0', '6.0.0', '4.0.0' ],
28 silly audit   gaze: [ '1.1.3' ],
28 silly audit   gensync: [ '1.0.0-beta.2' ],
28 silly audit   'get-caller-file': [ '2.0.5' ],
28 silly audit   'get-intrinsic': [ '1.1.1' ],
28 silly audit   'get-own-enumerable-property-symbols': [ '3.0.2' ],
28 silly audit   'get-package-type': [ '0.1.0' ],
28 silly audit   'get-stdin': [ '4.0.1' ],
28 silly audit   'get-value': [ '2.0.6' ],
28 silly audit   getpass: [ '0.1.7' ],
28 silly audit   glob: [ '7.1.7' ],
28 silly audit   'glob-parent': [ '5.1.2', '3.1.0' ],
28 silly audit   'global-modules': [ '2.0.0' ],
28 silly audit   'global-prefix': [ '3.0.0' ],
28 silly audit   ignore: [ '5.1.8', '4.0.6' ],
28 silly audit   globule: [ '1.3.2' ],
28 silly audit   'graceful-fs': [ '4.2.8' ],
28 silly audit   growly: [ '1.3.0' ],
28 silly audit   'gzip-size': [ '5.1.1' ],
28 silly audit   'handle-thing': [ '2.0.1' ],
28 silly audit   'har-schema': [ '2.0.0' ],
28 silly audit   'har-validator': [ '5.1.5' ],
28 silly audit   'hard-rejection': [ '2.1.0' ],
28 silly audit   'harmony-reflect': [ '1.6.2' ],
28 silly audit   has: [ '1.0.3' ],
28 silly audit   'has-ansi': [ '2.0.0' ],
28 silly audit   'has-bigints': [ '1.0.1' ],
28 silly audit   'has-symbols': [ '1.0.2' ],
28 silly audit   'has-tostringtag': [ '1.0.0' ],
28 silly audit   'has-unicode': [ '2.0.1' ],
28 silly audit   'has-value': [ '1.0.0', '0.3.1' ],
28 silly audit   'has-values': [ '1.0.0', '0.1.4' ],
28 silly audit   'hash-base': [ '3.1.0' ],
28 silly audit   'hash.js': [ '1.1.7' ],
28 silly audit   he: [ '1.2.0' ],
28 silly audit   'hex-color-regex': [ '1.1.0' ],
28 silly audit   'hmac-drbg': [ '1.0.1' ],
28 silly audit   hoopy: [ '0.1.4' ],
28 silly audit   'hosted-git-info': [ '2.8.9', '4.0.2' ],
28 silly audit   'hpack.js': [ '2.1.6' ],
28 silly audit   'hsl-regex': [ '1.0.0' ],
28 silly audit   'hsla-regex': [ '1.0.0' ],
28 silly audit   'html-encoding-sniffer': [ '2.0.1' ],
28 silly audit   'html-entities': [ '1.4.0' ],
28 silly audit   'html-escaper': [ '2.0.2' ],
28 silly audit   'html-minifier-terser': [ '5.1.1' ],
28 silly audit   'html-webpack-plugin': [ '4.5.0' ],
28 silly audit   htmlparser2: [ '6.1.0' ],
28 silly audit   'http-deceiver': [ '1.2.7' ],
28 silly audit   'http-errors': [ '1.7.2', '1.6.3' ],
28 silly audit   'http-parser-js': [ '0.5.3' ],
28 silly audit   'http-proxy': [ '1.18.1' ],
28 silly audit   'http-proxy-agent': [ '4.0.1' ],
28 silly audit   'http-proxy-middleware': [ '0.19.1' ],
28 silly audit   'http-signature': [ '1.2.0' ],
28 silly audit   'https-browserify': [ '1.0.0' ],
28 silly audit   'https-proxy-agent': [ '5.0.0' ],
28 silly audit   'human-signals': [ '1.1.1' ],
28 silly audit   'iconv-lite': [ '0.4.24' ],
28 silly audit   'icss-utils': [ '4.1.1' ],
28 silly audit   'identity-obj-proxy': [ '3.0.0' ],
28 silly audit   ieee754: [ '1.2.1' ],
28 silly audit   iferr: [ '0.1.5' ],
28 silly audit   immer: [ '8.0.1' ],
28 silly audit   'import-cwd': [ '2.1.0' ],
28 silly audit   'import-from': [ '2.1.0' ],
28 silly audit   'import-local': [ '3.0.2', '2.0.0' ],
28 silly audit   imurmurhash: [ '0.1.4' ],
28 silly audit   'indent-string': [ '4.0.0' ],
28 silly audit   'indexes-of': [ '1.0.1' ],
28 silly audit   'infer-owner': [ '1.0.4' ],
28 silly audit   inflight: [ '1.0.6' ],
28 silly audit   ini: [ '1.3.8' ],
28 silly audit   'internal-ip': [ '4.3.0' ],
28 silly audit   'internal-slot': [ '1.0.3' ],
28 silly audit   internmap: [ '1.0.1' ],
28 silly audit   ip: [ '1.1.5' ],
28 silly audit   'ip-regex': [ '2.1.0' ],
28 silly audit   'ipaddr.js': [ '1.9.1' ],
28 silly audit   'is-absolute-url': [ '2.1.0', '3.0.3' ],
28 silly audit   'is-arguments': [ '1.1.1' ],
28 silly audit   'is-arrayish': [ '0.2.1', '0.3.2' ],
28 silly audit   'is-bigint': [ '1.0.3' ],
28 silly audit   'is-binary-path': [ '2.1.0', '1.0.1' ],
28 silly audit   'is-boolean-object': [ '1.1.2' ],
28 silly audit   'is-buffer': [ '1.1.6' ],
28 silly audit   'is-callable': [ '1.2.4' ],
28 silly audit   'is-ci': [ '2.0.0' ],
28 silly audit   'is-color-stop': [ '1.1.0' ],
28 silly audit   'is-core-module': [ '2.5.0' ],
28 silly audit   'is-date-object': [ '1.0.5' ],
28 silly audit   'is-directory': [ '0.3.1' ],
28 silly audit   'is-docker': [ '2.2.1' ],
28 silly audit   'is-extglob': [ '2.1.1' ],
28 silly audit   'is-generator-fn': [ '2.1.0' ],
28 silly audit   'is-glob': [ '4.0.1', '3.1.0' ],
28 silly audit   'is-module': [ '1.0.0' ],
28 silly audit   'is-negative-zero': [ '2.0.1' ],
28 silly audit   'is-number-object': [ '1.0.6' ],
28 silly audit   'is-path-cwd': [ '2.2.0' ],
28 silly audit   'is-path-in-cwd': [ '2.1.0' ],
28 silly audit   'is-path-inside': [ '2.1.0' ],
28 silly audit   'is-plain-obj': [ '1.1.0' ],
28 silly audit   'is-plain-object': [ '2.0.4' ],
28 silly audit   'is-potential-custom-element-name': [ '1.0.1' ],
28 silly audit   'is-regex': [ '1.1.4' ],
28 silly audit   'is-regexp': [ '1.0.0' ],
28 silly audit   'is-resolvable': [ '1.1.0' ],
28 silly audit   'is-root': [ '2.1.0' ],
28 silly audit   'is-string': [ '1.0.7' ],
28 silly audit   'is-symbol': [ '1.0.4' ],
28 silly audit   'is-typedarray': [ '1.0.0' ],
28 silly audit   'is-windows': [ '1.0.2' ],
28 silly audit   'is-wsl': [ '2.2.0', '1.1.0' ],
28 silly audit   isarray: [ '1.0.0' ],
28 silly audit   isexe: [ '2.0.0' ],
28 silly audit   isobject: [ '3.0.1', '2.1.0' ],
28 silly audit   isstream: [ '0.1.2' ],
28 silly audit   'istanbul-lib-coverage': [ '3.0.0' ],
28 silly audit   'istanbul-lib-instrument': [ '4.0.3' ],
28 silly audit   'istanbul-lib-report': [ '3.0.0' ],
28 silly audit   'make-dir': [ '3.1.0', '2.1.0' ],
28 silly audit   'istanbul-lib-source-maps': [ '4.0.0' ],
28 silly audit   'istanbul-reports': [ '3.0.2' ],
28 silly audit   jest: [ '26.6.0' ],
28 silly audit   'jest-changed-files': [ '26.6.2' ],
28 silly audit   'jest-circus': [ '26.6.0' ],
28 silly audit   'jest-cli': [ '26.6.3' ],
28 silly audit   'jest-config': [ '26.6.3' ],
28 silly audit   'jest-diff': [ '26.6.2' ],
28 silly audit   'jest-docblock': [ '26.0.0' ],
28 silly audit   'jest-each': [ '26.6.2' ],
28 silly audit   'jest-environment-jsdom': [ '26.6.2' ],
28 silly audit   'jest-environment-node': [ '26.6.2' ],
28 silly audit   'jest-get-type': [ '26.3.0' ],
28 silly audit   'jest-haste-map': [ '26.6.2' ],
28 silly audit   'jest-jasmine2': [ '26.6.3' ],
28 silly audit   'jest-leak-detector': [ '26.6.2' ],
28 silly audit   'jest-matcher-utils': [ '26.6.2' ],
28 silly audit   'jest-message-util': [ '26.6.2' ],
28 silly audit   'jest-mock': [ '26.6.2' ],
28 silly audit   'jest-pnp-resolver': [ '1.2.2' ],
28 silly audit   'jest-regex-util': [ '26.0.0' ],
28 silly audit   'jest-resolve-dependencies': [ '26.6.3' ],
28 silly audit   'jest-runner': [ '26.6.3' ],
28 silly audit   'jest-runtime': [ '26.6.3' ],
28 silly audit   'jest-serializer': [ '26.6.2' ],
28 silly audit   'jest-snapshot': [ '26.6.2' ],
28 silly audit   'jest-util': [ '26.6.2' ],
28 silly audit   'jest-validate': [ '26.6.2' ],
28 silly audit   'jest-watch-typeahead': [ '0.6.1' ],
28 silly audit   'jest-watcher': [ '26.6.2' ],
28 silly audit   'jest-worker': [ '26.6.2', '24.9.0' ],
28 silly audit   'js-base64': [ '2.6.4' ],
28 silly audit   'js-tokens': [ '4.0.0' ],
28 silly audit   'js-yaml': [ '3.14.1' ],
28 silly audit   jsbn: [ '0.1.1' ],
28 silly audit   jsdom: [ '16.7.0' ],
28 silly audit   jsesc: [ '2.5.2', '0.5.0' ],
28 silly audit   'json-parse-better-errors': [ '1.0.2' ],
28 silly audit   'json-parse-even-better-errors': [ '2.3.1' ],
28 silly audit   'json-schema': [ '0.2.3' ],
28 silly audit   'json-schema-traverse': [ '0.4.1', '1.0.0' ],
28 silly audit   'json-stable-stringify-without-jsonify': [ '1.0.1' ],
28 silly audit   'json-stringify-safe': [ '5.0.1' ],
28 silly audit   json3: [ '3.3.3' ],
28 silly audit   jsonfile: [ '6.1.0', '4.0.0' ],
28 silly audit   jsprim: [ '1.4.1' ],
28 silly audit   'jsx-ast-utils': [ '3.2.0' ],
28 silly audit   killable: [ '1.0.1' ],
28 silly audit   kleur: [ '3.0.3' ],
28 silly audit   klona: [ '2.0.4' ],
28 silly audit   'language-subtag-registry': [ '0.3.21' ],
28 silly audit   'language-tags': [ '1.0.5' ],
28 silly audit   'last-call-webpack-plugin': [ '3.0.0' ],
28 silly audit   leven: [ '3.1.0' ],
28 silly audit   'lines-and-columns': [ '1.1.6' ],
28 silly audit   'load-json-file': [ '4.0.0' ],
28 silly audit   'strip-bom': [ '3.0.0', '4.0.0' ],
28 silly audit   'loader-runner': [ '2.4.0' ],
28 silly audit   lodash: [ '4.17.21' ],
28 silly audit   'lodash._reinterpolate': [ '3.0.0' ],
28 silly audit   'lodash.clonedeep': [ '4.5.0' ],
28 silly audit   'lodash.debounce': [ '4.0.8' ],
28 silly audit   'lodash.memoize': [ '4.1.2' ],
28 silly audit   'lodash.merge': [ '4.6.2' ],
28 silly audit   'lodash.template': [ '4.5.0' ],
28 silly audit   'lodash.templatesettings': [ '4.2.0' ],
28 silly audit   'lodash.throttle': [ '4.1.1' ],
28 silly audit   'lodash.truncate': [ '4.4.2' ],
28 silly audit   'lodash.uniq': [ '4.5.0' ],
28 silly audit   loglevel: [ '1.7.1' ],
28 silly audit   'loose-envify': [ '1.4.0' ],
28 silly audit   'lower-case': [ '2.0.2' ],
28 silly audit   'lru-cache': [ '6.0.0', '5.1.1' ],
28 silly audit   'lz-string': [ '1.4.4' ],
28 silly audit   'magic-string': [ '0.25.7' ],
28 silly audit   makeerror: [ '1.0.11' ],
28 silly audit   'map-cache': [ '0.2.2' ],
28 silly audit   'map-visit': [ '1.0.0' ],
28 silly audit   'md5.js': [ '1.3.5' ],
28 silly audit   'media-typer': [ '0.3.0' ],
28 silly audit   meow: [ '9.0.0' ],
28 silly audit   'normalize-package-data': [ '3.0.2', '2.5.0' ],
28 silly audit   'yargs-parser': [ '20.2.9', '13.1.2', '18.1.3' ],
28 silly audit   'merge-descriptors': [ '1.0.1' ],
28 silly audit   'merge-stream': [ '2.0.0' ],
28 silly audit   merge2: [ '1.4.1' ],
28 silly audit   methods: [ '1.1.2' ],
28 silly audit   'microevent.ts': [ '0.1.1' ],
28 silly audit   'miller-rabin': [ '4.0.1' ],
28 silly audit   mime: [ '1.6.0', '2.5.2' ],
28 silly audit   'mime-db': [ '1.49.0' ],
28 silly audit   'mime-types': [ '2.1.32' ],
28 silly audit   'mimic-fn': [ '2.1.0' ],
28 silly audit   'min-indent': [ '1.0.1' ],
28 silly audit   'mini-css-extract-plugin': [ '0.11.3' ],
28 silly audit   'minimalistic-assert': [ '1.0.1' ],
28 silly audit   'minimalistic-crypto-utils': [ '1.0.1' ],
28 silly audit   minimatch: [ '3.0.4' ],
28 silly audit   minimist: [ '1.2.5' ],
28 silly audit   'minimist-options': [ '4.1.0' ],
28 silly audit   minipass: [ '3.1.3' ],
28 silly audit   'minipass-collect': [ '1.0.2' ],
28 silly audit   'minipass-flush': [ '1.0.5' ],
28 silly audit   'minipass-pipeline': [ '1.2.4' ],
28 silly audit   minizlib: [ '2.1.2' ],
28 silly audit   mississippi: [ '3.0.0' ],
28 silly audit   'mixin-deep': [ '1.3.2' ],
28 silly audit   'move-concurrently': [ '1.0.1' ],
28 silly audit   'multicast-dns': [ '6.2.3' ],
28 silly audit   'multicast-dns-service-types': [ '1.1.0' ],
28 silly audit   nan: [ '2.15.0' ],
28 silly audit   nanoid: [ '3.1.23' ],
28 silly audit   nanomatch: [ '1.2.13' ],
28 silly audit   'native-url': [ '0.2.6' ],
28 silly audit   'natural-compare': [ '1.4.0' ],
28 silly audit   negotiator: [ '0.6.2' ],
28 silly audit   'neo-async': [ '2.6.2' ],
28 silly audit   'next-tick': [ '1.0.0' ],
28 silly audit   'nice-try': [ '1.0.5' ],
28 silly audit   'no-case': [ '3.0.4' ],
28 silly audit   'node-forge': [ '0.10.0' ],
28 silly audit   'node-gyp': [ '7.1.2' ],
28 silly audit   'node-int64': [ '0.4.0' ],
28 silly audit   'node-libs-browser': [ '2.2.1' ],
28 silly audit   punycode: [ '1.4.1', '2.1.1', '1.3.2' ],
28 silly audit   'node-modules-regexp': [ '1.0.0' ],
28 silly audit   'node-notifier': [ '8.0.2' ],
28 silly audit   'node-releases': [ '1.1.74' ],
28 silly audit   'node-sass': [ '6.0.1' ],
28 silly audit   nopt: [ '5.0.0' ],
28 silly audit   'normalize-path': [ '3.0.0', '2.1.1' ],
28 silly audit   'normalize-range': [ '0.1.2' ],
28 silly audit   'normalize-url': [ '1.9.1', '3.3.0' ],
28 silly audit   npmlog: [ '4.1.2' ],
28 silly audit   'nth-check': [ '2.0.0', '1.0.2' ],
28 silly audit   num2fraction: [ '1.2.2' ],
28 silly audit   'number-is-nan': [ '1.0.1' ],
28 silly audit   nwsapi: [ '2.2.0' ],
28 silly audit   'oauth-sign': [ '0.9.0' ],
28 silly audit   'object-assign': [ '4.1.1' ],
28 silly audit   'object-copy': [ '0.1.0' ],
28 silly audit   'object-inspect': [ '1.11.0' ],
28 silly audit   'object-is': [ '1.1.5' ],
28 silly audit   'object-keys': [ '1.1.1' ],
28 silly audit   'object-visit': [ '1.0.1' ],
28 silly audit   'object.assign': [ '4.1.2' ],
28 silly audit   'object.entries': [ '1.1.4' ],
28 silly audit   'object.fromentries': [ '2.0.4' ],
28 silly audit   'object.getownpropertydescriptors': [ '2.1.2' ],
28 silly audit   'object.pick': [ '1.3.0' ],
28 silly audit   'object.values': [ '1.1.4' ],
28 silly audit   obuf: [ '1.1.2' ],
28 silly audit   'on-finished': [ '2.3.0' ],
28 silly audit   'on-headers': [ '1.0.2' ],
28 silly audit   once: [ '1.4.0' ],
28 silly audit   onetime: [ '5.1.2' ],
28 silly audit   open: [ '7.4.2' ],
28 silly audit   opn: [ '5.5.0' ],
28 silly audit   'optimize-css-assets-webpack-plugin': [ '5.0.4' ],
28 silly audit   original: [ '1.0.2' ],
28 silly audit   'os-browserify': [ '0.3.0' ],
28 silly audit   'p-each-series': [ '2.2.0' ],
28 silly audit   'p-finally': [ '1.0.0' ],
28 silly audit   'p-retry': [ '3.0.1' ],
28 silly audit   pako: [ '1.0.11' ],
28 silly audit   'parallel-transform': [ '1.2.0' ],
28 silly audit   'param-case': [ '3.0.4' ],
28 silly audit   'parent-module': [ '1.0.1' ],
28 silly audit   'parse-asn1': [ '5.1.6' ],
28 silly audit   parse5: [ '6.0.1' ],
28 silly audit   parseurl: [ '1.3.3' ],
28 silly audit   'pascal-case': [ '3.1.2' ],
28 silly audit   pascalcase: [ '0.1.1' ],
28 silly audit   'path-browserify': [ '0.0.1' ],
28 silly audit   'path-dirname': [ '1.0.2' ],
28 silly audit   'path-is-absolute': [ '1.0.1' ],
28 silly audit   'path-is-inside': [ '1.0.2' ],
28 silly audit   'path-parse': [ '1.0.7' ],
28 silly audit   'path-to-regexp': [ '0.1.7' ],
28 silly audit   'path-type': [ '4.0.0', '3.0.0' ],
28 silly audit   pbkdf2: [ '3.1.2' ],
28 silly audit   'performance-now': [ '2.1.0' ],
28 silly audit   picomatch: [ '2.3.0' ],
28 silly audit   pinkie: [ '2.0.4' ],
28 silly audit   'pinkie-promise': [ '2.0.1' ],
28 silly audit   pirates: [ '4.0.1' ],
28 silly audit   'pkg-up': [ '2.0.0', '3.1.0' ],
28 silly audit   'pnp-webpack-plugin': [ '1.6.4' ],
28 silly audit   portfinder: [ '1.0.28' ],
28 silly audit   'posix-character-classes': [ '0.1.1' ],
28 silly audit   postcss: [ '7.0.36', '8.3.6' ],
28 silly audit   'postcss-attribute-case-insensitive': [ '4.0.2' ],
28 silly audit   'postcss-browser-comments': [ '3.0.0' ],
28 silly audit   'postcss-calc': [ '7.0.5' ],
28 silly audit   'postcss-color-functional-notation': [ '2.0.1' ],
28 silly audit   'postcss-color-gray': [ '5.0.0' ],
28 silly audit   'postcss-color-hex-alpha': [ '5.0.3' ],
28 silly audit   'postcss-color-mod-function': [ '3.0.3' ],
28 silly audit   'postcss-color-rebeccapurple': [ '4.0.1' ],
28 silly audit   'postcss-colormin': [ '4.0.3' ],
28 silly audit   'postcss-value-parser': [ '3.3.1', '4.1.0' ],
28 silly audit   'postcss-convert-values': [ '4.0.1' ],
28 silly audit   'postcss-custom-media': [ '7.0.8' ],
28 silly audit   'postcss-custom-properties': [ '8.0.11' ],
28 silly audit   'postcss-custom-selectors': [ '5.1.2' ],
28 silly audit   'postcss-dir-pseudo-class': [ '5.0.0' ],
28 silly audit   'postcss-discard-comments': [ '4.0.2' ],
28 silly audit   'postcss-discard-duplicates': [ '4.0.2' ],
28 silly audit   'postcss-discard-empty': [ '4.0.1' ],
28 silly audit   'postcss-discard-overridden': [ '4.0.1' ],
28 silly audit   'postcss-double-position-gradients': [ '1.0.0' ],
28 silly audit   'postcss-env-function': [ '2.0.2' ],
28 silly audit   'postcss-flexbugs-fixes': [ '4.2.1' ],
28 silly audit   'postcss-focus-visible': [ '4.0.0' ],
28 silly audit   'postcss-focus-within': [ '3.0.0' ],
28 silly audit   'postcss-font-variant': [ '4.0.1' ],
28 silly audit   'postcss-gap-properties': [ '2.0.0' ],
28 silly audit   'postcss-image-set-function': [ '3.0.1' ],
28 silly audit   'postcss-initial': [ '3.0.4' ],
28 silly audit   'postcss-lab-function': [ '2.0.1' ],
28 silly audit   'postcss-load-config': [ '2.1.2' ],
28 silly audit   'postcss-loader': [ '3.0.0' ],
28 silly audit   'postcss-logical': [ '3.0.0' ],
28 silly audit   'postcss-media-minmax': [ '4.0.0' ],
28 silly audit   'postcss-merge-longhand': [ '4.0.11' ],
28 silly audit   'postcss-merge-rules': [ '4.0.3' ],
28 silly audit   'postcss-minify-font-values': [ '4.0.2' ],
28 silly audit   'postcss-minify-gradients': [ '4.0.2' ],
28 silly audit   'postcss-minify-params': [ '4.0.2' ],
28 silly audit   'postcss-minify-selectors': [ '4.0.2' ],
28 silly audit   'postcss-modules-extract-imports': [ '2.0.0' ],
28 silly audit   'postcss-modules-local-by-default': [ '3.0.3' ],
28 silly audit   'postcss-modules-scope': [ '2.2.0' ],
28 silly audit   'postcss-modules-values': [ '3.0.0' ],
28 silly audit   'postcss-nesting': [ '7.0.1' ],
28 silly audit   'postcss-normalize': [ '8.0.1' ],
28 silly audit   'postcss-normalize-charset': [ '4.0.1' ],
28 silly audit   'postcss-normalize-display-values': [ '4.0.2' ],
28 silly audit   'postcss-normalize-positions': [ '4.0.2' ],
28 silly audit   'postcss-normalize-repeat-style': [ '4.0.2' ],
28 silly audit   'postcss-normalize-string': [ '4.0.2' ],
28 silly audit   'postcss-normalize-timing-functions': [ '4.0.2' ],
28 silly audit   'postcss-normalize-unicode': [ '4.0.1' ],
28 silly audit   'postcss-normalize-url': [ '4.0.1' ],
28 silly audit   'postcss-normalize-whitespace': [ '4.0.2' ],
28 silly audit   'postcss-ordered-values': [ '4.1.2' ],
28 silly audit   'postcss-overflow-shorthand': [ '2.0.0' ],
28 silly audit   'postcss-page-break': [ '2.0.0' ],
28 silly audit   'postcss-place': [ '4.0.1' ],
28 silly audit   'postcss-preset-env': [ '6.7.0' ],
28 silly audit   'postcss-pseudo-class-any-link': [ '6.0.0' ],
28 silly audit   'postcss-reduce-initial': [ '4.0.3' ],
28 silly audit   'postcss-reduce-transforms': [ '4.0.2' ],
28 silly audit   'postcss-replace-overflow-wrap': [ '3.0.0' ],
28 silly audit   'postcss-safe-parser': [ '5.0.2' ],
28 silly audit   'postcss-selector-matches': [ '4.0.0' ],
28 silly audit   'postcss-selector-not': [ '4.0.1' ],
28 silly audit   'postcss-svgo': [ '4.0.3' ],
28 silly audit   'postcss-unique-selectors': [ '4.0.1' ],
28 silly audit   'postcss-values-parser': [ '2.0.1' ],
28 silly audit   'prepend-http': [ '1.0.4' ],
28 silly audit   'pretty-bytes': [ '5.6.0' ],
28 silly audit   'pretty-error': [ '2.1.2' ],
28 silly audit   process: [ '0.11.10' ],
28 silly audit   'process-nextick-args': [ '2.0.1' ],
28 silly audit   progress: [ '2.0.3' ],
28 silly audit   promise: [ '8.1.0' ],
28 silly audit   'promise-inflight': [ '1.0.1' ],
28 silly audit   prompts: [ '2.4.0' ],
28 silly audit   'prop-types': [ '15.7.2' ],
28 silly audit   'react-is': [ '16.13.1', '17.0.2', '16.10.2' ],
28 silly audit   'proxy-addr': [ '2.0.7' ],
28 silly audit   prr: [ '1.0.1' ],
28 silly audit   psl: [ '1.8.0' ],
28 silly audit   'public-encrypt': [ '4.0.3' ],
28 silly audit   pump: [ '3.0.0', '2.0.1' ],
28 silly audit   pumpify: [ '1.5.1' ],
28 silly audit   q: [ '1.5.1' ],
28 silly audit   qs: [ '6.7.0', '6.5.2' ],
28 silly audit   'query-string': [ '4.3.4' ],
28 silly audit   querystring: [ '0.2.1', '0.2.0' ],
28 silly audit   'querystring-es3': [ '0.2.1' ],
28 silly audit   querystringify: [ '2.2.0' ],
28 silly audit   'queue-microtask': [ '1.2.3' ],
28 silly audit   'quick-lru': [ '4.0.1' ],
28 silly audit   raf: [ '3.4.1' ],
28 silly audit   randombytes: [ '2.1.0' ],
28 silly audit   randomfill: [ '1.0.4' ],
28 silly audit   'range-parser': [ '1.2.1' ],
28 silly audit   'raw-body': [ '2.4.0' ],
28 silly audit   react: [ '17.0.2' ],
28 silly audit   'react-app-polyfill': [ '2.0.0' ],
28 silly audit   'react-dev-utils': [ '11.0.4' ],
28 silly audit   'react-dom': [ '17.0.2' ],
28 silly audit   'react-error-overlay': [ '6.0.9' ],
28 silly audit   'react-lifecycles-compat': [ '3.0.4' ],
28 silly audit   'react-refresh': [ '0.8.3' ],
28 silly audit   'react-resize-detector': [ '6.7.4' ],
28 silly audit   'react-scripts': [ '4.0.3' ],
28 silly audit   'react-smooth': [ '2.0.0' ],
28 silly audit   'react-transition-group': [ '2.9.0' ],
28 silly audit   string_decoder: [ '1.1.1', '1.3.0' ],
28 silly audit   readdirp: [ '3.6.0', '2.2.1' ],
28 silly audit   recharts: [ '2.1.0' ],
28 silly audit   'recharts-scale': [ '0.4.5' ],
28 silly audit   'recursive-readdir': [ '2.2.2' ],
28 silly audit   redent: [ '3.0.0' ],
28 silly audit   'reduce-css-calc': [ '2.1.8' ],
28 silly audit   regenerate: [ '1.4.2' ],
28 silly audit   'regenerate-unicode-properties': [ '8.2.0' ],
28 silly audit   'regenerator-transform': [ '0.14.5' ],
28 silly audit   'regex-not': [ '1.0.2' ],
28 silly audit   'regex-parser': [ '2.2.11' ],
28 silly audit   'regexp.prototype.flags': [ '1.3.1' ],
28 silly audit   regexpp: [ '3.2.0' ],
28 silly audit   'regexpu-core': [ '4.7.1' ],
28 silly audit   regjsgen: [ '0.5.2' ],
28 silly audit   regjsparser: [ '0.6.9' ],
28 silly audit   relateurl: [ '0.2.7' ],
28 silly audit   'remove-trailing-separator': [ '1.1.0' ],
28 silly audit   renderkid: [ '2.0.7' ],
28 silly audit   'repeat-element': [ '1.1.4' ],
28 silly audit   'repeat-string': [ '1.6.1' ],
28 silly audit   request: [ '2.88.2' ],
28 silly audit   'tough-cookie': [ '2.5.0', '4.0.0' ],
28 silly audit   uuid: [ '3.4.0', '8.3.2' ],
28 silly audit   'require-directory': [ '2.1.1' ],
28 silly audit   'require-from-string': [ '2.0.2' ],
28 silly audit   'require-main-filename': [ '2.0.0' ],
28 silly audit   'requires-port': [ '1.0.0' ],
28 silly audit   'resize-observer-polyfill': [ '1.5.1' ],
28 silly audit   'resolve-cwd': [ '3.0.0', '2.0.0' ],
28 silly audit   'resolve-url': [ '0.2.1' ],
28 silly audit   'resolve-url-loader': [ '3.1.4' ],
28 silly audit   ret: [ '0.1.15' ],
28 silly audit   retry: [ '0.12.0' ],
28 silly audit   reusify: [ '1.0.4' ],
28 silly audit   rework: [ '1.0.1' ],
28 silly audit   'rework-visit': [ '1.0.0' ],
28 silly audit   'rgb-regex': [ '1.0.1' ],
28 silly audit   'rgba-regex': [ '1.0.0' ],
28 silly audit   ripemd160: [ '2.0.2' ],
28 silly audit   rollup: [ '1.32.1' ],
28 silly audit   'rollup-plugin-babel': [ '4.4.0' ],
28 silly audit   'rollup-plugin-terser': [ '5.3.1' ],
28 silly audit   'serialize-javascript': [ '4.0.0', '5.0.1' ],
28 silly audit   'rollup-pluginutils': [ '2.8.2' ],
28 silly audit   rsvp: [ '4.8.5' ],
28 silly audit   'run-parallel': [ '1.2.0' ],
28 silly audit   'run-queue': [ '1.0.3' ],
28 silly audit   'safe-regex': [ '1.1.0' ],
28 silly audit   'safer-buffer': [ '2.1.2' ],
28 silly audit   sane: [ '4.1.0' ],
28 silly audit   'sanitize.css': [ '10.0.0' ],
28 silly audit   'sass-graph': [ '2.2.5' ],
28 silly audit   'wrap-ansi': [ '5.1.0', '6.2.0' ],
28 silly audit   yargs: [ '13.3.2', '15.4.1' ],
28 silly audit   'sass-loader': [ '10.2.0' ],
28 silly audit   sax: [ '1.2.4' ],
28 silly audit   saxes: [ '5.0.1' ],
28 silly audit   scheduler: [ '0.20.2' ],
28 silly audit   'scss-tokenizer': [ '0.2.3' ],
28 silly audit   'select-hose': [ '2.0.0' ],
28 silly audit   selfsigned: [ '1.10.11' ],
28 silly audit   send: [ '0.17.1' ],
28 silly audit   'serve-index': [ '1.9.1' ],
28 silly audit   setprototypeof: [ '1.1.0', '1.1.1' ],
28 silly audit   'serve-static': [ '1.14.1' ],
28 silly audit   'set-blocking': [ '2.0.0' ],
28 silly audit   'set-value': [ '2.0.1' ],
28 silly audit   setimmediate: [ '1.0.5' ],
28 silly audit   'sha.js': [ '2.4.11' ],
28 silly audit   'shell-quote': [ '1.7.2' ],
28 silly audit   shellwords: [ '0.1.1' ],
28 silly audit   'side-channel': [ '1.0.4' ],
28 silly audit   'signal-exit': [ '3.0.3' ],
28 silly audit   'simple-swizzle': [ '0.2.2' ],
28 silly audit   sisteransi: [ '1.0.5' ],
28 silly audit   slash: [ '3.0.0' ],
28 silly audit   'slice-ansi': [ '4.0.0' ],
28 silly audit   snapdragon: [ '0.8.2' ],
28 silly audit   'snapdragon-node': [ '2.1.1' ],
28 silly audit   'snapdragon-util': [ '3.0.1' ],
28 silly audit   sockjs: [ '0.3.21' ],
28 silly audit   'sockjs-client': [ '1.5.1' ],
28 silly audit   'sort-keys': [ '1.1.2' ],
28 silly audit   'source-list-map': [ '2.0.1' ],
28 silly audit   'source-map-js': [ '0.6.2' ],
28 silly audit   'source-map-support': [ '0.5.19' ],
28 silly audit   'source-map-url': [ '0.4.1' ],
28 silly audit   'sourcemap-codec': [ '1.4.8' ],
28 silly audit   'spdx-correct': [ '3.1.1' ],
28 silly audit   'spdx-exceptions': [ '2.3.0' ],
28 silly audit   'spdx-expression-parse': [ '3.0.1' ],
28 silly audit   'spdx-license-ids': [ '3.0.10' ],
28 silly audit   spdy: [ '4.0.2' ],
28 silly audit   'spdy-transport': [ '3.0.0' ],
28 silly audit   'split-string': [ '3.1.0' ],
28 silly audit   'sprintf-js': [ '1.0.3' ],
28 silly audit   sshpk: [ '1.16.1' ],
28 silly audit   ssri: [ '8.0.1', '6.0.2' ],
28 silly audit   stable: [ '0.1.8' ],
28 silly audit   'stack-utils': [ '2.0.3' ],
28 silly audit   stackframe: [ '1.2.0' ],
28 silly audit   'static-extend': [ '0.1.2' ],
28 silly audit   statuses: [ '1.5.0' ],
28 silly audit   'stdout-stream': [ '1.4.1' ],
28 silly audit   'stream-browserify': [ '2.0.2' ],
28 silly audit   'stream-each': [ '1.2.3' ],
28 silly audit   'stream-http': [ '2.8.3' ],
28 silly audit   'stream-shift': [ '1.0.1' ],
28 silly audit   'strict-uri-encode': [ '1.1.0' ],
28 silly audit   'string-length': [ '4.0.2' ],
28 silly audit   'string-natural-compare': [ '3.0.1' ],
28 silly audit   'string.prototype.matchall': [ '4.0.5' ],
28 silly audit   'string.prototype.trimend': [ '1.0.4' ],
28 silly audit   'string.prototype.trimstart': [ '1.0.4' ],
28 silly audit   'stringify-object': [ '3.3.0' ],
28 silly audit   'strip-comments': [ '1.0.2' ],
28 silly audit   'strip-eof': [ '1.0.0' ],
28 silly audit   'strip-final-newline': [ '2.0.0' ],
28 silly audit   'strip-indent': [ '3.0.0' ],
28 silly audit   'strip-json-comments': [ '3.1.1' ],
28 silly audit   'style-loader': [ '1.3.0' ],
28 silly audit   stylehacks: [ '4.0.3' ],
28 silly audit   'supports-hyperlinks': [ '2.2.0' ],
28 silly audit   'svg-parser': [ '2.0.4' ],
28 silly audit   svgo: [ '1.3.2' ],
28 silly audit   'symbol-tree': [ '3.2.4' ],
28 silly audit   table: [ '6.7.1' ],
28 silly audit   tapable: [ '1.1.3' ],
28 silly audit   tar: [ '6.1.7' ],
28 silly audit   'temp-dir': [ '1.0.0' ],
28 silly audit   tempy: [ '0.3.0' ],
28 silly audit   'terminal-link': [ '2.1.1' ],
28 silly audit   terser: [ '4.8.0', '5.7.1' ],
28 silly audit   'terser-webpack-plugin': [ '4.2.3', '1.4.5' ],
28 silly audit   'test-exclude': [ '6.0.0' ],
28 silly audit   'text-table': [ '0.2.0' ],
28 silly audit   throat: [ '5.0.0' ],
28 silly audit   through2: [ '2.0.5' ],
28 silly audit   thunky: [ '1.1.0' ],
28 silly audit   'timers-browserify': [ '2.0.12' ],
28 silly audit   timsort: [ '0.3.0' ],
28 silly audit   tmpl: [ '1.0.4' ],
28 silly audit   'to-arraybuffer': [ '1.0.1' ],
28 silly audit   'to-fast-properties': [ '2.0.0' ],
28 silly audit   'to-object-path': [ '0.3.0' ],
28 silly audit   'to-regex': [ '3.0.2' ],
28 silly audit   toidentifier: [ '1.0.0' ],
28 silly audit   universalify: [ '0.1.2', '2.0.0' ],
28 silly audit   tr46: [ '2.1.0' ],
28 silly audit   'trim-newlines': [ '3.0.1' ],
28 silly audit   'true-case-path': [ '1.0.3' ],
28 silly audit   tryer: [ '1.0.1' ],
28 silly audit   'ts-pnp': [ '1.2.0' ],
28 silly audit   'tsconfig-paths': [ '3.10.1' ],
28 silly audit   tslib: [ '2.3.0', '1.14.1' ],
28 silly audit   tsutils: [ '3.21.0' ],
28 silly audit   'tty-browserify': [ '0.0.0' ],
28 silly audit   'tunnel-agent': [ '0.6.0' ],
28 silly audit   tweetnacl: [ '0.14.5' ],
28 silly audit   'type-detect': [ '4.0.8' ],
28 silly audit   'type-is': [ '1.6.18' ],
28 silly audit   typedarray: [ '0.0.6' ],
28 silly audit   'typedarray-to-buffer': [ '3.1.5' ],
28 silly audit   typescript: [ '4.3.5' ],
28 silly audit   'unbox-primitive': [ '1.0.1' ],
28 silly audit   'unicode-canonical-property-names-ecmascript': [ '1.0.4' ],
28 silly audit   'unicode-match-property-ecmascript': [ '1.0.4' ],
28 silly audit   'unicode-match-property-value-ecmascript': [ '1.2.0' ],
28 silly audit   'unicode-property-aliases-ecmascript': [ '1.1.0' ],
28 silly audit   'union-value': [ '1.0.1' ],
28 silly audit   uniq: [ '1.0.1' ],
28 silly audit   uniqs: [ '2.0.0' ],
28 silly audit   'unique-filename': [ '1.1.1' ],
28 silly audit   'unique-slug': [ '2.0.2' ],
28 silly audit   'unique-string': [ '1.0.0' ],
28 silly audit   unpipe: [ '1.0.0' ],
28 silly audit   unquote: [ '1.1.1' ],
28 silly audit   'unset-value': [ '1.0.0' ],
28 silly audit   upath: [ '1.2.0' ],
28 silly audit   'uri-js': [ '4.4.1' ],
28 silly audit   urix: [ '0.1.0' ],
28 silly audit   url: [ '0.11.0' ],
28 silly audit   'url-loader': [ '4.1.1' ],
28 silly audit   'url-parse': [ '1.5.3' ],
28 silly audit   use: [ '3.1.1' ],
28 silly audit   'util-deprecate': [ '1.0.2' ],
28 silly audit   'util.promisify': [ '1.0.0' ],
28 silly audit   utila: [ '0.4.0' ],
28 silly audit   'utils-merge': [ '1.0.1' ],
28 silly audit   'v8-compile-cache': [ '2.3.0' ],
28 silly audit   'v8-to-istanbul': [ '7.1.2' ],
28 silly audit   'validate-npm-package-license': [ '3.0.4' ],
28 silly audit   vary: [ '1.1.2' ],
28 silly audit   vendors: [ '1.0.4' ],
28 silly audit   verror: [ '1.10.0' ],
28 silly audit   'vm-browserify': [ '1.1.2' ],
28 silly audit   'w3c-hr-time': [ '1.0.2' ],
28 silly audit   'w3c-xmlserializer': [ '2.0.0' ],
28 silly audit   walker: [ '1.0.7' ],
28 silly audit   watchpack: [ '1.7.5' ],
28 silly audit   'watchpack-chokidar2': [ '2.0.1' ],
28 silly audit   wbuf: [ '1.7.3' ],
28 silly audit   'web-vitals': [ '1.1.2' ],
28 silly audit   webpack: [ '4.44.2' ],
28 silly audit   'webpack-dev-middleware': [ '3.7.3' ],
28 silly audit   'webpack-dev-server': [ '3.11.1' ],
28 silly audit   ws: [ '6.2.2', '7.5.3' ],
28 silly audit   'webpack-log': [ '2.0.0' ],
28 silly audit   'webpack-manifest-plugin': [ '2.2.0' ],
28 silly audit   'webpack-sources': [ '1.4.3' ],
28 silly audit   yallist: [ '3.1.1', '4.0.0' ],
28 silly audit   'websocket-driver': [ '0.7.4' ],
28 silly audit   'websocket-extensions': [ '0.1.4' ],
28 silly audit   'whatwg-encoding': [ '1.0.5' ],
28 silly audit   'whatwg-fetch': [ '3.6.2' ],
28 silly audit   'whatwg-mimetype': [ '2.3.0' ],
28 silly audit   'whatwg-url': [ '8.7.0' ],
28 silly audit   'which-boxed-primitive': [ '1.0.2' ],
28 silly audit   'which-module': [ '2.0.0' ],
28 silly audit   'wide-align': [ '1.1.3' ],
28 silly audit   'word-wrap': [ '1.2.3' ],
28 silly audit   'workbox-background-sync': [ '5.1.4' ],
28 silly audit   'workbox-broadcast-update': [ '5.1.4' ],
28 silly audit   'workbox-build': [ '5.1.4' ],
28 silly audit   'workbox-cacheable-response': [ '5.1.4' ],
28 silly audit   'workbox-core': [ '5.1.4' ],
28 silly audit   'workbox-expiration': [ '5.1.4' ],
28 silly audit   'workbox-google-analytics': [ '5.1.4' ],
28 silly audit   'workbox-navigation-preload': [ '5.1.4' ],
28 silly audit   'workbox-precaching': [ '5.1.4' ],
28 silly audit   'workbox-range-requests': [ '5.1.4' ],
28 silly audit   'workbox-routing': [ '5.1.4' ],
28 silly audit   'workbox-strategies': [ '5.1.4' ],
28 silly audit   'workbox-streams': [ '5.1.4' ],
28 silly audit   'workbox-sw': [ '5.1.4' ],
28 silly audit   'workbox-webpack-plugin': [ '5.1.4' ],
28 silly audit   'workbox-window': [ '5.1.4' ],
28 silly audit   'worker-farm': [ '1.7.0' ],
28 silly audit   'worker-rpc': [ '0.1.1' ],
28 silly audit   wrappy: [ '1.0.2' ],
28 silly audit   'write-file-atomic': [ '3.0.3' ],
28 silly audit   'xml-name-validator': [ '3.0.0' ],
28 silly audit   xmlchars: [ '2.2.0' ],
28 silly audit   xtend: [ '4.0.2' ],
28 silly audit   y18n: [ '4.0.3' ],
28 silly audit   yaml: [ '1.10.2' ],
28 silly audit   'yocto-queue': [ '0.1.0' ]
28 silly audit }
29 http fetch POST 200 https://registry.npmjs.org/-/npm/v1/security/advisories/bulk 1367ms
30 timing auditReport:getReport Completed in 1413ms
31 silly audit report {
31 silly audit report   browserslist: [
31 silly audit report     {
31 silly audit report       id: 1747,
31 silly audit report       url: 'https://npmjs.com/advisories/1747',
31 silly audit report       title: 'Regular Expression Denial of Service',
31 silly audit report       severity: 'moderate',
31 silly audit report       vulnerable_versions: '>=4.0.0 <4.16.5'
31 silly audit report     }
31 silly audit report   ],
31 silly audit report   'glob-parent': [
31 silly audit report     {
31 silly audit report       id: 1751,
31 silly audit report       url: 'https://npmjs.com/advisories/1751',
31 silly audit report       title: 'Regular expression denial of service',
31 silly audit report       severity: 'moderate',
31 silly audit report       vulnerable_versions: '<5.1.2'
31 silly audit report     }
31 silly audit report   ]
31 silly audit report }
32 timing metavuln:cache:get:security-advisory:browserslist:5HAkp8zBYqaljrC4t1mzN6M3gFspbVPluYL3ZOTl8St99YnDxIPke13e/M2cXbLSYETnGNN2urx71tsCZpLnaQ== Completed in 37ms
33 timing metavuln:cache:get:security-advisory:glob-parent:yP+dtEUmIJbc0CCrOxGEHGS4or5piaAG60L/wI8/kZARH/GSnm8tpUupYz8o+noIOX3dZRwOHW9EcPo1S2qL5Q== Completed in 32ms
34 http fetch GET 200 https://registry.npmjs.org/glob-parent 80ms (cache hit)
35 timing metavuln:packument:glob-parent Completed in 82ms
36 timing metavuln:load:security-advisory:glob-parent:1751 Completed in 7ms
37 timing metavuln:calculate:security-advisory:glob-parent:1751 Completed in 89ms
38 http fetch GET 200 https://registry.npmjs.org/browserslist 92ms (cache hit)
39 timing metavuln:packument:browserslist Completed in 109ms
40 timing metavuln:load:security-advisory:browserslist:1747 Completed in 4ms
41 timing metavuln:calculate:security-advisory:browserslist:1747 Completed in 114ms
42 timing metavuln:cache:get:security-advisory:react-dev-utils:uPgDbD5/9LHx2lhyVLPFdBuPec0ScZHbrdUd7kNnQnsBEaL6m/fyqU3f8UH8IzC/2J9cYZ3yOLXLf8CNKZecwA== Completed in 5ms
43 http fetch GET 200 https://registry.npmjs.org/react-dev-utils 312ms (cache revalidated)
44 timing metavuln:packument:react-dev-utils Completed in 315ms
45 timing metavuln:load:security-advisory:react-dev-utils:5HAkp8zBYqaljrC4t1mzN6M3gFspbVPluYL3ZOTl8St99YnDxIPke13e/M2cXbLSYETnGNN2urx71tsCZpLnaQ== Completed in 2ms
46 timing metavuln:calculate:security-advisory:react-dev-utils:5HAkp8zBYqaljrC4t1mzN6M3gFspbVPluYL3ZOTl8St99YnDxIPke13e/M2cXbLSYETnGNN2urx71tsCZpLnaQ== Completed in 317ms
47 timing metavuln:cache:get:security-advisory:chokidar:daKwHjIHgawFdW4JubHK36cphG5Y3HsbKq51WDoSKP9axEH1llq6NztPurxOYf3hbpnLVNl/fkt+GdsJBsR/8g== Completed in 3ms
48 http fetch GET 200 https://registry.npmjs.org/chokidar 11ms (cache hit)
49 timing metavuln:packument:chokidar Completed in 14ms
50 timing metavuln:load:security-advisory:chokidar:yP+dtEUmIJbc0CCrOxGEHGS4or5piaAG60L/wI8/kZARH/GSnm8tpUupYz8o+noIOX3dZRwOHW9EcPo1S2qL5Q== Completed in 1ms
51 timing metavuln:calculate:security-advisory:chokidar:yP+dtEUmIJbc0CCrOxGEHGS4or5piaAG60L/wI8/kZARH/GSnm8tpUupYz8o+noIOX3dZRwOHW9EcPo1S2qL5Q== Completed in 15ms
52 timing metavuln:cache:get:security-advisory:react-scripts:TC2PdOxJI4UUEFriyLkFiYFgTwX0oQfEIMBhOjOr8JkgxPl9iJmYx2zJhqhBJkm4EwUWlSxE/ty1hDJ9PKugaQ== Completed in 3ms
53 http fetch GET 200 https://registry.npmjs.org/react-scripts 255ms (cache revalidated)
54 timing metavuln:packument:react-scripts Completed in 261ms
55 timing metavuln:load:security-advisory:react-scripts:uPgDbD5/9LHx2lhyVLPFdBuPec0ScZHbrdUd7kNnQnsBEaL6m/fyqU3f8UH8IzC/2J9cYZ3yOLXLf8CNKZecwA== Completed in 2ms
56 timing metavuln:calculate:security-advisory:react-scripts:uPgDbD5/9LHx2lhyVLPFdBuPec0ScZHbrdUd7kNnQnsBEaL6m/fyqU3f8UH8IzC/2J9cYZ3yOLXLf8CNKZecwA== Completed in 263ms
57 timing metavuln:cache:get:security-advisory:watchpack-chokidar2:9HNSdLwLNuDBzXK6OGvO+ksGMAxKXETBUpl6Sml1gypel5kX7HYEl48DCCmN5b2206jcH5W24gY6zWWNoSUuIg== Completed in 6ms
58 timing metavuln:cache:get:security-advisory:webpack-dev-server:zCTvLdVDU6+VRXx7HFzesFqFZUg2ilkM2Re0qkV+xphajULIc3rJBL4IEzCHu4TE+ALutJK9ZlIc/npmByVNvw== Completed in 5ms
59 http fetch GET 200 https://registry.npmjs.org/watchpack-chokidar2 19ms (cache hit)
60 timing metavuln:packument:watchpack-chokidar2 Completed in 20ms
61 timing metavuln:load:security-advisory:watchpack-chokidar2:daKwHjIHgawFdW4JubHK36cphG5Y3HsbKq51WDoSKP9axEH1llq6NztPurxOYf3hbpnLVNl/fkt+GdsJBsR/8g== Completed in 0ms
62 timing metavuln:calculate:security-advisory:watchpack-chokidar2:daKwHjIHgawFdW4JubHK36cphG5Y3HsbKq51WDoSKP9axEH1llq6NztPurxOYf3hbpnLVNl/fkt+GdsJBsR/8g== Completed in 20ms
63 http fetch GET 200 https://registry.npmjs.org/webpack-dev-server 253ms (cache revalidated)
64 timing metavuln:packument:webpack-dev-server Completed in 261ms
65 timing metavuln:load:security-advisory:webpack-dev-server:daKwHjIHgawFdW4JubHK36cphG5Y3HsbKq51WDoSKP9axEH1llq6NztPurxOYf3hbpnLVNl/fkt+GdsJBsR/8g== Completed in 7ms
66 timing metavuln:calculate:security-advisory:webpack-dev-server:daKwHjIHgawFdW4JubHK36cphG5Y3HsbKq51WDoSKP9axEH1llq6NztPurxOYf3hbpnLVNl/fkt+GdsJBsR/8g== Completed in 268ms
67 timing metavuln:cache:get:security-advisory:watchpack:CUu+olmk0hTNufhgtra4iaZxB15MruzeNZwjXKjr7kxMdGpBg8jayXHmxAQd1pLGMchiQmOIccKfsSFyh5mv4A== Completed in 10ms
68 http fetch GET 200 https://registry.npmjs.org/watchpack 21ms (cache hit)
69 timing metavuln:packument:watchpack Completed in 23ms
70 timing metavuln:load:security-advisory:watchpack:9HNSdLwLNuDBzXK6OGvO+ksGMAxKXETBUpl6Sml1gypel5kX7HYEl48DCCmN5b2206jcH5W24gY6zWWNoSUuIg== Completed in 1ms
71 timing metavuln:calculate:security-advisory:watchpack:9HNSdLwLNuDBzXK6OGvO+ksGMAxKXETBUpl6Sml1gypel5kX7HYEl48DCCmN5b2206jcH5W24gY6zWWNoSUuIg== Completed in 24ms
72 timing metavuln:cache:get:security-advisory:react-scripts:2PCeNjTul9Xjz2W4+KPWEA9kGeVDP+nm3Bp/Cnl+Zfhc/zrCcz464keU0Z3eT536j4JvWVCpHWiIbK0+XgKT+g== Completed in 3ms
73 timing metavuln:load:security-advisory:react-scripts:zCTvLdVDU6+VRXx7HFzesFqFZUg2ilkM2Re0qkV+xphajULIc3rJBL4IEzCHu4TE+ALutJK9ZlIc/npmByVNvw== Completed in 4ms
74 timing metavuln:calculate:security-advisory:react-scripts:zCTvLdVDU6+VRXx7HFzesFqFZUg2ilkM2Re0qkV+xphajULIc3rJBL4IEzCHu4TE+ALutJK9ZlIc/npmByVNvw== Completed in 7ms
75 timing metavuln:cache:get:security-advisory:@pmmmwh/react-refresh-webpack-plugin:J+4cA0C1OdLDNKdyroijj754PYSccmQEZY9zI3u9CqBfQ5yRpmeC/Xk+utC4XqAEJxYlV2inu5NZxfko2E/Qew== Completed in 9ms
76 http fetch GET 200 https://registry.npmjs.org/@pmmmwh%2freact-refresh-webpack-plugin 319ms (cache revalidated)
77 timing metavuln:packument:@pmmmwh/react-refresh-webpack-plugin Completed in 322ms
78 timing metavuln:load:security-advisory:@pmmmwh/react-refresh-webpack-plugin:zCTvLdVDU6+VRXx7HFzesFqFZUg2ilkM2Re0qkV+xphajULIc3rJBL4IEzCHu4TE+ALutJK9ZlIc/npmByVNvw== Completed in 0ms
79 timing metavuln:calculate:security-advisory:@pmmmwh/react-refresh-webpack-plugin:zCTvLdVDU6+VRXx7HFzesFqFZUg2ilkM2Re0qkV+xphajULIc3rJBL4IEzCHu4TE+ALutJK9ZlIc/npmByVNvw== Completed in 323ms
80 timing metavuln:cache:get:security-advisory:webpack:b96SX6yQgU8w5YHXVDzrrjSnO4H0x1l/lu6g3La0gI+HkPOGAOWNZOtS+rOoK2+DgGL9eio87k+MsvOXntqw1w== Completed in 5ms
81 http fetch GET 200 https://registry.npmjs.org/webpack 24ms (cache hit)
82 timing metavuln:packument:webpack Completed in 113ms
83 timing metavuln:load:security-advisory:webpack:CUu+olmk0hTNufhgtra4iaZxB15MruzeNZwjXKjr7kxMdGpBg8jayXHmxAQd1pLGMchiQmOIccKfsSFyh5mv4A== Completed in 22ms
84 timing metavuln:calculate:security-advisory:webpack:CUu+olmk0hTNufhgtra4iaZxB15MruzeNZwjXKjr7kxMdGpBg8jayXHmxAQd1pLGMchiQmOIccKfsSFyh5mv4A== Completed in 135ms
85 timing metavuln:cache:get:security-advisory:react-scripts:c+5drJgHFX26lqoqu0j6/hc6GMfcKEfEXN/CJ4MOVo4LyhNd9nrfcnpEhhNkovghpMN5OieAntInmNIJ1ha/Pw== Completed in 4ms
86 timing metavuln:load:security-advisory:react-scripts:J+4cA0C1OdLDNKdyroijj754PYSccmQEZY9zI3u9CqBfQ5yRpmeC/Xk+utC4XqAEJxYlV2inu5NZxfko2E/Qew== Completed in 3ms
87 timing metavuln:calculate:security-advisory:react-scripts:J+4cA0C1OdLDNKdyroijj754PYSccmQEZY9zI3u9CqBfQ5yRpmeC/Xk+utC4XqAEJxYlV2inu5NZxfko2E/Qew== Completed in 7ms
88 timing metavuln:cache:get:security-advisory:babel-loader:2fBPsms1xcqgw1Y1u+ibEomJ5+Hg7CGMKXRtWGgEBRGYmWgO37u9EqtDyUElTAjCjGi0C11qe9i2GaPFKisDHw== Completed in 75ms
89 timing metavuln:cache:get:security-advisory:@pmmmwh/react-refresh-webpack-plugin:ygbV45HbCMrZfflpN4jmC+phw1F+1sCsK1ny23qaLgKo54J5bPFuKe9I0/s99N4bEXzpD6ZWvF9oGpDmmhnKAg== Completed in 75ms
90 timing metavuln:load:security-advisory:@pmmmwh/react-refresh-webpack-plugin:b96SX6yQgU8w5YHXVDzrrjSnO4H0x1l/lu6g3La0gI+HkPOGAOWNZOtS+rOoK2+DgGL9eio87k+MsvOXntqw1w== Completed in 1ms
91 timing metavuln:calculate:security-advisory:@pmmmwh/react-refresh-webpack-plugin:b96SX6yQgU8w5YHXVDzrrjSnO4H0x1l/lu6g3La0gI+HkPOGAOWNZOtS+rOoK2+DgGL9eio87k+MsvOXntqw1w== Completed in 76ms
92 timing metavuln:cache:get:security-advisory:css-loader:S9jh4c+edch8nVSejf5wdilPTiBGlpBoJCPS96LyU89Ix+q5Wov4XM5XsrejsLmk2D0PVPrTQh0Y/NEhN5rpCw== Completed in 89ms
93 timing metavuln:cache:get:security-advisory:eslint-webpack-plugin:SwcS58Lztrm542Tj+RogXZfXQoRnzHOEydxdFQRdKQVDgj8ziXaBf1MqAz2DqEjfKpi+l0HX+yOqfiZ3FPLNNw== Completed in 88ms
94 timing metavuln:cache:get:security-advisory:file-loader:5dLZIGa5qpgyHX//AJleCe7GOnerXPvaK36LAQxAlrJ6yrruIvLnePoSl3c+vQjl27jKwyTfBymTBLZ97Ij+VA== Completed in 85ms
95 timing metavuln:cache:get:security-advisory:html-webpack-plugin:emG1Fn7HjPus80oGCfcZoI0J2naRwIzO4hGBgQEOJi+LBqbp/CnQnh6dcvKlLaHfR0iHJVfB7O7zk1IKDPE88w== Completed in 83ms
96 timing metavuln:cache:get:security-advisory:mini-css-extract-plugin:TWwc8OzO6uLEMhoZ7pgx5xrvh9mz1w33S53WQLOrO3mG8edUpayikCB1LQrUcspuZg2Ys+eIOJiptxlhk/J6Zg== Completed in 82ms
97 timing metavuln:cache:get:security-advisory:optimize-css-assets-webpack-plugin:zYPinZZcul5LOCPfwR4Y6iDIeUr6YrsdQzvWj8cmtiUAg3KIXhxIin/xmG0pxR1yA0VYc5im5bJnisG3aJV9kw== Completed in 81ms
98 timing metavuln:cache:get:security-advisory:react-scripts:3mhZb2+Q4vue1KUhoeIluPbzSGrVQstCR/+ZUVNYJgUtJIPeVOPqM7F9GTq78WTZYMAWp8JGI8baQ0HGMiiX9Q== Completed in 80ms
99 timing metavuln:load:security-advisory:react-scripts:b96SX6yQgU8w5YHXVDzrrjSnO4H0x1l/lu6g3La0gI+HkPOGAOWNZOtS+rOoK2+DgGL9eio87k+MsvOXntqw1w== Completed in 1ms
100 timing metavuln:calculate:security-advisory:react-scripts:b96SX6yQgU8w5YHXVDzrrjSnO4H0x1l/lu6g3La0gI+HkPOGAOWNZOtS+rOoK2+DgGL9eio87k+MsvOXntqw1w== Completed in 81ms
101 timing metavuln:cache:get:security-advisory:sass-loader:fqPO7Z4rGQohzoU+SPSTTQDRPW52gFsLcfvyhuPZ4KAbCvvViIUprU9g5zVFQC1qe+1vqBzM5GKiMgn/ArLkLQ== Completed in 80ms
102 timing metavuln:cache:get:security-advisory:style-loader:fq2IFWIRE1NDbHmy2HYDVSQDmfxv4yLc5uUv2XWy6HZcUA5fO9ZNCBG+f3F2IoO5a2r4eppI0HMZ/OpDCUvaQg== Completed in 80ms
103 timing metavuln:cache:get:security-advisory:terser-webpack-plugin:hZmwjoChBVYA3ZiEGu8dKvqj1oqC8jBA2/lG/7qeDsi7WBwEa6k8XYRRKfqZR2FRvrGS/3tJLI1dzsy0plhqzA== Completed in 77ms
104 timing metavuln:cache:get:security-advisory:url-loader:bRBbHHzuaEuAkgx7MyuZbjfWJYgJnpIox+/ZYURl1g3PutpEIb31aNlZINRv2zQy/8sxO9hYOSbusyEHDy27yA== Completed in 74ms
105 timing metavuln:cache:get:security-advisory:webpack-dev-middleware:/esQhK9uhx8fvr4M6edUHboEdRQZFrmFTESHUqJahj1ck1gaVr0RYRs+1KqTq8kkjk+LQh58apgLG+JhDrgoZQ== Completed in 72ms
106 timing metavuln:cache:get:security-advisory:webpack-dev-server:dAARTvRi7Bh3WMy5KPE/LLU58nMdrnwdunlFdvdj2gk5b0p3dsAM1/gtheqpzqytt3HsCHs0EXmKsfWIwXt1/Q== Completed in 70ms
107 timing metavuln:load:security-advisory:webpack-dev-server:b96SX6yQgU8w5YHXVDzrrjSnO4H0x1l/lu6g3La0gI+HkPOGAOWNZOtS+rOoK2+DgGL9eio87k+MsvOXntqw1w== Completed in 1ms
108 timing metavuln:calculate:security-advisory:webpack-dev-server:b96SX6yQgU8w5YHXVDzrrjSnO4H0x1l/lu6g3La0gI+HkPOGAOWNZOtS+rOoK2+DgGL9eio87k+MsvOXntqw1w== Completed in 71ms
109 timing metavuln:cache:get:security-advisory:webpack-manifest-plugin:KnQu0V42RNUSRLzZ102AP2VmzBGxnZIAu/B/gidcSLfn+iBfiGVsUpKmiRblKC/72N+NKNqU5wfu6hKAD5QmBg== Completed in 92ms
110 timing metavuln:cache:get:security-advisory:workbox-webpack-plugin:bf8amGtdO/UUpAbB+7CVS4I+ccWbvRk9p3fDinn4fVXTey29Cf3vzL8dDgnhAGPJNvkWfpfek/8PpEtJbYAzVg== Completed in 91ms
111 http fetch GET 200 https://registry.npmjs.org/babel-loader 196ms (cache hit)
112 timing metavuln:packument:babel-loader Completed in 199ms
113 timing metavuln:load:security-advisory:babel-loader:b96SX6yQgU8w5YHXVDzrrjSnO4H0x1l/lu6g3La0gI+HkPOGAOWNZOtS+rOoK2+DgGL9eio87k+MsvOXntqw1w== Completed in 0ms
114 timing metavuln:calculate:security-advisory:babel-loader:b96SX6yQgU8w5YHXVDzrrjSnO4H0x1l/lu6g3La0gI+HkPOGAOWNZOtS+rOoK2+DgGL9eio87k+MsvOXntqw1w== Completed in 200ms
115 http fetch GET 200 https://registry.npmjs.org/eslint-webpack-plugin 389ms (cache revalidated)
116 timing metavuln:packument:eslint-webpack-plugin Completed in 391ms
117 timing metavuln:load:security-advisory:eslint-webpack-plugin:b96SX6yQgU8w5YHXVDzrrjSnO4H0x1l/lu6g3La0gI+HkPOGAOWNZOtS+rOoK2+DgGL9eio87k+MsvOXntqw1w== Completed in 0ms
118 timing metavuln:calculate:security-advisory:eslint-webpack-plugin:b96SX6yQgU8w5YHXVDzrrjSnO4H0x1l/lu6g3La0gI+HkPOGAOWNZOtS+rOoK2+DgGL9eio87k+MsvOXntqw1w== Completed in 392ms
119 http fetch GET 200 https://registry.npmjs.org/url-loader 959ms (cache revalidated)
120 timing metavuln:packument:url-loader Completed in 961ms
121 timing metavuln:load:security-advisory:url-loader:b96SX6yQgU8w5YHXVDzrrjSnO4H0x1l/lu6g3La0gI+HkPOGAOWNZOtS+rOoK2+DgGL9eio87k+MsvOXntqw1w== Completed in 1ms
122 timing metavuln:calculate:security-advisory:url-loader:b96SX6yQgU8w5YHXVDzrrjSnO4H0x1l/lu6g3La0gI+HkPOGAOWNZOtS+rOoK2+DgGL9eio87k+MsvOXntqw1w== Completed in 962ms
123 http fetch GET 200 https://registry.npmjs.org/html-webpack-plugin 974ms (cache revalidated)
124 timing metavuln:packument:html-webpack-plugin Completed in 978ms
125 timing metavuln:load:security-advisory:html-webpack-plugin:b96SX6yQgU8w5YHXVDzrrjSnO4H0x1l/lu6g3La0gI+HkPOGAOWNZOtS+rOoK2+DgGL9eio87k+MsvOXntqw1w== Completed in 2ms
126 timing metavuln:calculate:security-advisory:html-webpack-plugin:b96SX6yQgU8w5YHXVDzrrjSnO4H0x1l/lu6g3La0gI+HkPOGAOWNZOtS+rOoK2+DgGL9eio87k+MsvOXntqw1w== Completed in 980ms
127 http fetch GET 200 https://registry.npmjs.org/style-loader 981ms (cache revalidated)
128 timing metavuln:packument:style-loader Completed in 982ms
129 timing metavuln:load:security-advisory:style-loader:b96SX6yQgU8w5YHXVDzrrjSnO4H0x1l/lu6g3La0gI+HkPOGAOWNZOtS+rOoK2+DgGL9eio87k+MsvOXntqw1w== Completed in 1ms
130 timing metavuln:calculate:security-advisory:style-loader:b96SX6yQgU8w5YHXVDzrrjSnO4H0x1l/lu6g3La0gI+HkPOGAOWNZOtS+rOoK2+DgGL9eio87k+MsvOXntqw1w== Completed in 984ms
131 http fetch GET 200 https://registry.npmjs.org/sass-loader 1000ms (cache revalidated)
132 timing metavuln:packument:sass-loader Completed in 1003ms
133 timing metavuln:load:security-advisory:sass-loader:b96SX6yQgU8w5YHXVDzrrjSnO4H0x1l/lu6g3La0gI+HkPOGAOWNZOtS+rOoK2+DgGL9eio87k+MsvOXntqw1w== Completed in 1ms
134 timing metavuln:calculate:security-advisory:sass-loader:b96SX6yQgU8w5YHXVDzrrjSnO4H0x1l/lu6g3La0gI+HkPOGAOWNZOtS+rOoK2+DgGL9eio87k+MsvOXntqw1w== Completed in 1005ms
135 http fetch GET 200 https://registry.npmjs.org/css-loader 1024ms (cache revalidated)
136 timing metavuln:packument:css-loader Completed in 1031ms
137 timing metavuln:load:security-advisory:css-loader:b96SX6yQgU8w5YHXVDzrrjSnO4H0x1l/lu6g3La0gI+HkPOGAOWNZOtS+rOoK2+DgGL9eio87k+MsvOXntqw1w== Completed in 2ms
138 timing metavuln:calculate:security-advisory:css-loader:b96SX6yQgU8w5YHXVDzrrjSnO4H0x1l/lu6g3La0gI+HkPOGAOWNZOtS+rOoK2+DgGL9eio87k+MsvOXntqw1w== Completed in 1033ms
139 http fetch GET 200 https://registry.npmjs.org/optimize-css-assets-webpack-plugin 1030ms (cache revalidated)
140 timing metavuln:packument:optimize-css-assets-webpack-plugin Completed in 1032ms
141 timing metavuln:load:security-advisory:optimize-css-assets-webpack-plugin:b96SX6yQgU8w5YHXVDzrrjSnO4H0x1l/lu6g3La0gI+HkPOGAOWNZOtS+rOoK2+DgGL9eio87k+MsvOXntqw1w== Completed in 0ms
142 timing metavuln:calculate:security-advisory:optimize-css-assets-webpack-plugin:b96SX6yQgU8w5YHXVDzrrjSnO4H0x1l/lu6g3La0gI+HkPOGAOWNZOtS+rOoK2+DgGL9eio87k+MsvOXntqw1w== Completed in 1032ms
143 http fetch GET 200 https://registry.npmjs.org/file-loader 1039ms (cache revalidated)
144 timing metavuln:packument:file-loader Completed in 1041ms
145 timing metavuln:load:security-advisory:file-loader:b96SX6yQgU8w5YHXVDzrrjSnO4H0x1l/lu6g3La0gI+HkPOGAOWNZOtS+rOoK2+DgGL9eio87k+MsvOXntqw1w== Completed in 0ms
146 timing metavuln:calculate:security-advisory:file-loader:b96SX6yQgU8w5YHXVDzrrjSnO4H0x1l/lu6g3La0gI+HkPOGAOWNZOtS+rOoK2+DgGL9eio87k+MsvOXntqw1w== Completed in 1042ms
147 http fetch GET 200 https://registry.npmjs.org/terser-webpack-plugin 1028ms (cache revalidated)
148 timing metavuln:packument:terser-webpack-plugin Completed in 1032ms
149 timing metavuln:load:security-advisory:terser-webpack-plugin:b96SX6yQgU8w5YHXVDzrrjSnO4H0x1l/lu6g3La0gI+HkPOGAOWNZOtS+rOoK2+DgGL9eio87k+MsvOXntqw1w== Completed in 1ms
150 timing metavuln:calculate:security-advisory:terser-webpack-plugin:b96SX6yQgU8w5YHXVDzrrjSnO4H0x1l/lu6g3La0gI+HkPOGAOWNZOtS+rOoK2+DgGL9eio87k+MsvOXntqw1w== Completed in 1034ms
151 http fetch GET 200 https://registry.npmjs.org/webpack-dev-middleware 1027ms (cache revalidated)
152 timing metavuln:packument:webpack-dev-middleware Completed in 1029ms
153 timing metavuln:load:security-advisory:webpack-dev-middleware:b96SX6yQgU8w5YHXVDzrrjSnO4H0x1l/lu6g3La0gI+HkPOGAOWNZOtS+rOoK2+DgGL9eio87k+MsvOXntqw1w== Completed in 1ms
154 timing metavuln:calculate:security-advisory:webpack-dev-middleware:b96SX6yQgU8w5YHXVDzrrjSnO4H0x1l/lu6g3La0gI+HkPOGAOWNZOtS+rOoK2+DgGL9eio87k+MsvOXntqw1w== Completed in 1031ms
155 http fetch GET 200 https://registry.npmjs.org/workbox-webpack-plugin 1026ms (cache revalidated)
156 timing metavuln:packument:workbox-webpack-plugin Completed in 1028ms
157 timing metavuln:load:security-advisory:workbox-webpack-plugin:b96SX6yQgU8w5YHXVDzrrjSnO4H0x1l/lu6g3La0gI+HkPOGAOWNZOtS+rOoK2+DgGL9eio87k+MsvOXntqw1w== Completed in 1ms
158 timing metavuln:calculate:security-advisory:workbox-webpack-plugin:b96SX6yQgU8w5YHXVDzrrjSnO4H0x1l/lu6g3La0gI+HkPOGAOWNZOtS+rOoK2+DgGL9eio87k+MsvOXntqw1w== Completed in 1029ms
159 http fetch GET 200 https://registry.npmjs.org/webpack-manifest-plugin 1029ms (cache revalidated)
160 timing metavuln:packument:webpack-manifest-plugin Completed in 1031ms
161 timing metavuln:load:security-advisory:webpack-manifest-plugin:b96SX6yQgU8w5YHXVDzrrjSnO4H0x1l/lu6g3La0gI+HkPOGAOWNZOtS+rOoK2+DgGL9eio87k+MsvOXntqw1w== Completed in 0ms
162 timing metavuln:calculate:security-advisory:webpack-manifest-plugin:b96SX6yQgU8w5YHXVDzrrjSnO4H0x1l/lu6g3La0gI+HkPOGAOWNZOtS+rOoK2+DgGL9eio87k+MsvOXntqw1w== Completed in 1031ms
163 http fetch GET 200 https://registry.npmjs.org/mini-css-extract-plugin 1055ms (cache revalidated)
164 timing metavuln:packument:mini-css-extract-plugin Completed in 1057ms
165 timing metavuln:load:security-advisory:mini-css-extract-plugin:b96SX6yQgU8w5YHXVDzrrjSnO4H0x1l/lu6g3La0gI+HkPOGAOWNZOtS+rOoK2+DgGL9eio87k+MsvOXntqw1w== Completed in 3ms
166 timing metavuln:calculate:security-advisory:mini-css-extract-plugin:b96SX6yQgU8w5YHXVDzrrjSnO4H0x1l/lu6g3La0gI+HkPOGAOWNZOtS+rOoK2+DgGL9eio87k+MsvOXntqw1w== Completed in 1060ms
167 timing auditReport:init Completed in 2636ms
168 timing audit Completed in 5951ms
169 timing idealTree:init Completed in 2ms
170 timing idealTree:userRequests Completed in 2ms
171 silly idealTree buildDeps
172 silly fetch manifest react-scripts@4.0.3
173 silly fetch manifest react@^17.0.2
174 timing arborist:ctor Completed in 0ms
175 http fetch GET 200 https://registry.npmjs.org/react 1816ms (cache revalidated)
176 silly fetch manifest typescript@^3.2.1 || ^4
177 http fetch GET 200 https://registry.npmjs.org/typescript 5953ms (cache miss)
178 silly placeDep ROOT react-scripts@4.0.3 KEEP for: dashboard@0.1.0 want: 4.0.3
179 timing idealTree:#root Completed in 8121ms
180 silly fetch manifest webpack@>=4.43.0 <6.0.0
181 silly fetch manifest type-fest@^0.13.1
182 http fetch GET 200 https://registry.npmjs.org/type-fest 278ms (cache revalidated)
183 silly fetch manifest webpack-dev-server@3.x
184 timing idealTree Completed in 8438ms
185 timing command:audit Completed in 14393ms
186 verbose stack Error: unable to resolve dependency tree
186 verbose stack     at Arborist.[failPeerConflict] (C:\Users\Bharat\AppData\Roaming\npm\node_modules\npm\node_modules\@npmcli\arborist\lib\arborist\build-ideal-tree.js:1212:25)
186 verbose stack     at Arborist.[placeDep] (C:\Users\Bharat\AppData\Roaming\npm\node_modules\npm\node_modules\@npmcli\arborist\lib\arborist\build-ideal-tree.js:1315:32)
186 verbose stack     at C:\Users\Bharat\AppData\Roaming\npm\node_modules\npm\node_modules\@npmcli\arborist\lib\arborist\build-ideal-tree.js:895:46
186 verbose stack     at Array.map (<anonymous>)
186 verbose stack     at Arborist.[buildDepStep] (C:\Users\Bharat\AppData\Roaming\npm\node_modules\npm\node_modules\@npmcli\arborist\lib\arborist\build-ideal-tree.js:895:8)
186 verbose stack     at async Arborist.buildIdealTree (C:\Users\Bharat\AppData\Roaming\npm\node_modules\npm\node_modules\@npmcli\arborist\lib\arborist\build-ideal-tree.js:218:7)
186 verbose stack     at async Promise.all (index 1)
186 verbose stack     at async Arborist.reify (C:\Users\Bharat\AppData\Roaming\npm\node_modules\npm\node_modules\@npmcli\arborist\lib\arborist\reify.js:134:5)
186 verbose stack     at async Audit.audit (C:\Users\Bharat\AppData\Roaming\npm\node_modules\npm\lib\audit.js:66:5)
187 verbose cwd C:\Users\Bharat\Desktop\dashboard
188 verbose Windows_NT 10.0.19042
189 verbose argv "C:\\Program Files\\nodejs\\node.exe" "C:\\Users\\Bharat\\AppData\\Roaming\\npm\\node_modules\\npm\\bin\\npm-cli.js" "audit" "fix"
190 verbose node v14.17.1
191 verbose npm  v7.19.1
192 error code ERESOLVE
193 error ERESOLVE unable to resolve dependency tree
194 error
195 error Found: [1mtype-fest[22m@[1m0.21.3[22m[2m[22m
195 error [2mnode_modules/type-fest[22m
195 error   [1mtype-fest[22m@"[1m^0.21.3[22m" from [1mansi-escapes[22m@[1m4.3.2[22m[2m[22m
195 error   [2mnode_modules/ansi-escapes[22m
195 error     [1mansi-escapes[22m@"[1m^4.2.1[22m" from [1m@jest/core[22m@[1m26.6.3[22m[2m[22m
195 error     [2mnode_modules/@jest/core[22m
195 error       [1m@jest/core[22m@"[1m^26.6.0[22m" from [1mjest[22m@[1m26.6.0[22m[2m[22m
195 error       [2mnode_modules/jest[22m
195 error         [35mpeer[39m [1mjest[22m@"[1m^26.0.0[22m" from [1mjest-watch-typeahead[22m@[1m0.6.1[22m[2m[22m
195 error         [2mnode_modules/jest-watch-typeahead[22m
195 error         1 more (react-scripts)
195 error       1 more (jest-cli)
195 error     [1mansi-escapes[22m@"[1m^4.3.1[22m" from [1mjest-watch-typeahead[22m@[1m0.6.1[22m[2m[22m
195 error     [2mnode_modules/jest-watch-typeahead[22m
195 error       [1mjest-watch-typeahead[22m@"[1m0.6.1[22m" from [1mreact-scripts[22m@[1m4.0.3[22m[2m[22m
195 error       [2mnode_modules/react-scripts[22m
195 error         [1mreact-scripts[22m@"[1m4.0.3[22m" from the root project
195 error     2 more (jest-watcher, terminal-link)
195 error
195 error Could not resolve dependency:
195 error peerOptional [1mtype-fest[22m@"[1m^0.13.1[22m" from [1m@pmmmwh/react-refresh-webpack-plugin[22m@[1m0.4.3[22m[2m[22m
195 error [2mnode_modules/@pmmmwh/react-refresh-webpack-plugin[22m
195 error   [1m@pmmmwh/react-refresh-webpack-plugin[22m@"[1m0.4.3[22m" from [1mreact-scripts[22m@[1m4.0.3[22m[2m[22m
195 error   [2mnode_modules/react-scripts[22m
195 error     [1mreact-scripts[22m@"[1m4.0.3[22m" from the root project
195 error
195 error Fix the upstream dependency conflict, or retry
195 error this command with --force, or --legacy-peer-deps
195 error to accept an incorrect (and potentially broken) dependency resolution.
195 error
195 error See C:\Users\Bharat\Desktop\dashboard\eresolve-report.txt for a full report.
196 verbose exit 1
