0 verbose cli [
0 verbose cli   'C:\\Program Files\\nodejs\\node.exe',
0 verbose cli   'C:\\Users\\Bharat\\AppData\\Roaming\\npm\\node_modules\\npm\\bin\\npm-cli.js',
0 verbose cli   'uninstall'
0 verbose cli ]
1 info using npm@7.19.1
2 info using node@v14.17.1
3 timing npm:load:whichnode Completed in 0ms
4 timing config:load:defaults Completed in 2ms
5 timing config:load:file:C:\Users\Bharat\AppData\Roaming\npm\node_modules\npm\npmrc Completed in 10ms
6 timing config:load:builtin Completed in 11ms
7 timing config:load:cli Completed in 2ms
8 timing config:load:env Completed in 1ms
9 timing config:load:file:C:\Users\Bharat\Desktop\dashboard\.npmrc Completed in 1ms
10 timing config:load:project Completed in 2ms
11 timing config:load:file:C:\Users\Bharat\.npmrc Completed in 1ms
12 timing config:load:user Completed in 1ms
13 timing config:load:file:C:\Users\Bharat\AppData\Roaming\npm\etc\npmrc Completed in 0ms
14 timing config:load:global Completed in 0ms
15 timing config:load:validate Completed in 1ms
16 timing config:load:credentials Completed in 2ms
17 timing config:load:setEnvs Completed in 1ms
18 timing config:load Completed in 23ms
19 timing npm:load:configload Completed in 23ms
20 timing npm:load:setTitle Completed in 0ms
21 timing npm:load:setupLog Completed in 3ms
22 timing npm:load:cleanupLog Completed in 5ms
23 timing npm:load:configScope Completed in 0ms
24 timing npm:load:projectScope Completed in 2ms
25 timing npm:load Completed in 34ms
26 timing config:load:flatten Completed in 5ms
27 timing command:uninstall Completed in 0ms
28 verbose stack Error: Must provide a package name to remove
28 verbose stack     at Uninstall.uninstall (C:\Users\Bharat\AppData\Roaming\npm\node_modules\npm\lib\uninstall.js:47:15)
28 verbose stack     at Uninstall.exec (C:\Users\Bharat\AppData\Roaming\npm\node_modules\npm\lib\uninstall.js:35:10)
28 verbose stack     at Object.[_runCmd] (C:\Users\Bharat\AppData\Roaming\npm\node_modules\npm\lib\npm.js:121:12)
28 verbose stack     at C:\Users\Bharat\AppData\Roaming\npm\node_modules\npm\lib\npm.js:29:35
28 verbose stack     at module.exports (C:\Users\Bharat\AppData\Roaming\npm\node_modules\npm\lib\cli.js:73:5)
29 verbose cwd C:\Users\Bharat\Desktop\dashboard
30 verbose Windows_NT 10.0.19042
31 verbose argv "C:\\Program Files\\nodejs\\node.exe" "C:\\Users\\Bharat\\AppData\\Roaming\\npm\\node_modules\\npm\\bin\\npm-cli.js" "uninstall"
32 verbose node v14.17.1
33 verbose npm  v7.19.1
34 error Must provide a package name to remove
35 verbose exit 1
